{"/Users/chiranth/Documents/Usability Testing/project/Dietify/dietify-frontend/src/components/common/CookieBar.jsx": {"path":"/Users/chiranth/Documents/Usability Testing/project/Dietify/dietify-frontend/src/components/common/CookieBar.jsx","statementMap":{"0":{"start":{"line":5,"column":28},"end":{"line":5,"column":null}},"1":{"start":{"line":7,"column":2},"end":{"line":12,"column":null}},"2":{"start":{"line":8,"column":25},"end":{"line":8,"column":null}},"3":{"start":{"line":9,"column":4},"end":{"line":11,"column":null}},"4":{"start":{"line":10,"column":6},"end":{"line":10,"column":null}},"5":{"start":{"line":15,"column":4},"end":{"line":15,"column":null}},"6":{"start":{"line":16,"column":4},"end":{"line":16,"column":null}},"7":{"start":{"line":19,"column":2},"end":{"line":19,"column":null}},"8":{"start":{"line":19,"column":16},"end":{"line":19,"column":null}},"9":{"start":{"line":21,"column":2},"end":{"line":58,"column":null}},"10":{"start":{"line":36,"column":27},"end":{"line":36,"column":null}},"11":{"start":{"line":44,"column":27},"end":{"line":44,"column":null}},"12":{"start":{"line":52,"column":27},"end":{"line":52,"column":null}}},"fnMap":{"0":{"name":"CookieBar","decl":{"start":{"line":4,"column":24},"end":{"line":4,"column":36}},"loc":{"start":{"line":4,"column":36},"end":{"line":60,"column":null}},"line":4},"1":{"name":"(anonymous_1)","decl":{"start":{"line":7,"column":12},"end":{"line":7,"column":18}},"loc":{"start":{"line":7,"column":18},"end":{"line":12,"column":5}},"line":7},"2":{"name":"handleConsent","decl":{"start":{"line":14,"column":11},"end":{"line":14,"column":25}},"loc":{"start":{"line":14,"column":33},"end":{"line":17,"column":null}},"line":14},"3":{"name":"(anonymous_3)","decl":{"start":{"line":36,"column":21},"end":{"line":36,"column":27}},"loc":{"start":{"line":36,"column":27},"end":{"line":36,"column":null}},"line":36},"4":{"name":"(anonymous_4)","decl":{"start":{"line":44,"column":21},"end":{"line":44,"column":27}},"loc":{"start":{"line":44,"column":27},"end":{"line":44,"column":null}},"line":44},"5":{"name":"(anonymous_5)","decl":{"start":{"line":52,"column":21},"end":{"line":52,"column":27}},"loc":{"start":{"line":52,"column":27},"end":{"line":52,"column":null}},"line":52}},"branchMap":{"0":{"loc":{"start":{"line":9,"column":4},"end":{"line":11,"column":null}},"type":"if","locations":[{"start":{"line":9,"column":4},"end":{"line":11,"column":null}},{"start":{},"end":{}}],"line":9},"1":{"loc":{"start":{"line":19,"column":2},"end":{"line":19,"column":null}},"type":"if","locations":[{"start":{"line":19,"column":2},"end":{"line":19,"column":null}},{"start":{},"end":{}}],"line":19}},"s":{"0":15,"1":15,"2":7,"3":7,"4":7,"5":0,"6":0,"7":15,"8":7,"9":8,"10":0,"11":0,"12":0},"f":{"0":15,"1":7,"2":0,"3":0,"4":0,"5":0},"b":{"0":[7,0],"1":[7,8]},"meta":{"lastBranch":2,"lastFunction":6,"lastStatement":13,"seen":{"f:4:24:4:36":0,"s:5:28:5:Infinity":0,"s:7:2:12:Infinity":1,"f:7:12:7:18":1,"s:8:25:8:Infinity":2,"b:9:4:11:Infinity:undefined:undefined:undefined:undefined":0,"s:9:4:11:Infinity":3,"s:10:6:10:Infinity":4,"f:14:11:14:25":2,"s:15:4:15:Infinity":5,"s:16:4:16:Infinity":6,"b:19:2:19:Infinity:undefined:undefined:undefined:undefined":1,"s:19:2:19:Infinity":7,"s:19:16:19:Infinity":8,"s:21:2:58:Infinity":9,"f:36:21:36:27":3,"s:36:27:36:Infinity":10,"f:44:21:44:27":4,"s:44:27:44:Infinity":11,"f:52:21:52:27":5,"s:52:27:52:Infinity":12}}}
,"/Users/chiranth/Documents/Usability Testing/project/Dietify/dietify-frontend/src/data/onboardingQuestions.js": {"path":"/Users/chiranth/Documents/Usability Testing/project/Dietify/dietify-frontend/src/data/onboardingQuestions.js","statementMap":{"0":{"start":{"line":4,"column":35},"end":{"line":141,"column":1}}},"fnMap":{},"branchMap":{},"s":{"0":1},"f":{},"b":{},"meta":{"lastBranch":0,"lastFunction":0,"lastStatement":1,"seen":{"s:4:35:141:1":0}}}
,"/Users/chiranth/Documents/Usability Testing/project/Dietify/dietify-frontend/src/pages/AboutUs.jsx": {"path":"/Users/chiranth/Documents/Usability Testing/project/Dietify/dietify-frontend/src/pages/AboutUs.jsx","statementMap":{"0":{"start":{"line":6,"column":8},"end":{"line":6,"column":null}},"1":{"start":{"line":8,"column":2},"end":{"line":97,"column":null}},"2":{"start":{"line":28,"column":29},"end":{"line":28,"column":null}},"3":{"start":{"line":36,"column":29},"end":{"line":36,"column":null}}},"fnMap":{"0":{"name":"AboutUs","decl":{"start":{"line":5,"column":24},"end":{"line":5,"column":34}},"loc":{"start":{"line":5,"column":34},"end":{"line":99,"column":null}},"line":5},"1":{"name":"(anonymous_1)","decl":{"start":{"line":28,"column":23},"end":{"line":28,"column":29}},"loc":{"start":{"line":28,"column":29},"end":{"line":28,"column":null}},"line":28},"2":{"name":"(anonymous_2)","decl":{"start":{"line":36,"column":23},"end":{"line":36,"column":29}},"loc":{"start":{"line":36,"column":29},"end":{"line":36,"column":null}},"line":36}},"branchMap":{},"s":{"0":13,"1":13,"2":1,"3":1},"f":{"0":13,"1":1,"2":1},"b":{},"meta":{"lastBranch":0,"lastFunction":3,"lastStatement":4,"seen":{"f:5:24:5:34":0,"s:6:8:6:Infinity":0,"s:8:2:97:Infinity":1,"f:28:23:28:29":1,"s:28:29:28:Infinity":2,"f:36:23:36:29":2,"s:36:29:36:Infinity":3}}}
,"/Users/chiranth/Documents/Usability Testing/project/Dietify/dietify-frontend/src/pages/Home.jsx": {"path":"/Users/chiranth/Documents/Usability Testing/project/Dietify/dietify-frontend/src/pages/Home.jsx","statementMap":{"0":{"start":{"line":6,"column":8},"end":{"line":6,"column":null}},"1":{"start":{"line":8,"column":2},"end":{"line":90,"column":null}},"2":{"start":{"line":31,"column":31},"end":{"line":31,"column":null}},"3":{"start":{"line":38,"column":31},"end":{"line":38,"column":null}}},"fnMap":{"0":{"name":"Home","decl":{"start":{"line":5,"column":24},"end":{"line":5,"column":31}},"loc":{"start":{"line":5,"column":31},"end":{"line":92,"column":null}},"line":5},"1":{"name":"(anonymous_1)","decl":{"start":{"line":31,"column":25},"end":{"line":31,"column":31}},"loc":{"start":{"line":31,"column":31},"end":{"line":31,"column":null}},"line":31},"2":{"name":"(anonymous_2)","decl":{"start":{"line":38,"column":25},"end":{"line":38,"column":31}},"loc":{"start":{"line":38,"column":31},"end":{"line":38,"column":null}},"line":38}},"branchMap":{},"s":{"0":8,"1":8,"2":1,"3":0},"f":{"0":8,"1":1,"2":0},"b":{},"meta":{"lastBranch":0,"lastFunction":3,"lastStatement":4,"seen":{"f:5:24:5:31":0,"s:6:8:6:Infinity":0,"s:8:2:90:Infinity":1,"f:31:25:31:31":1,"s:31:31:31:Infinity":2,"f:38:25:38:31":2,"s:38:31:38:Infinity":3}}}
,"/Users/chiranth/Documents/Usability Testing/project/Dietify/dietify-frontend/src/pages/Registration.jsx": {"path":"/Users/chiranth/Documents/Usability Testing/project/Dietify/dietify-frontend/src/pages/Registration.jsx","statementMap":{"0":{"start":{"line":15,"column":8},"end":{"line":15,"column":null}},"1":{"start":{"line":16,"column":8},"end":{"line":16,"column":null}},"2":{"start":{"line":17,"column":69},"end":{"line":17,"column":null}},"3":{"start":{"line":19,"column":22},"end":{"line":19,"column":null}},"4":{"start":{"line":20,"column":38},"end":{"line":20,"column":null}},"5":{"start":{"line":21,"column":52},"end":{"line":21,"column":null}},"6":{"start":{"line":23,"column":30},"end":{"line":29,"column":null}},"7":{"start":{"line":31,"column":36},"end":{"line":31,"column":null}},"8":{"start":{"line":32,"column":24},"end":{"line":32,"column":null}},"9":{"start":{"line":33,"column":42},"end":{"line":33,"column":null}},"10":{"start":{"line":34,"column":38},"end":{"line":34,"column":null}},"11":{"start":{"line":36,"column":8},"end":{"line":40,"column":null}},"12":{"start":{"line":37,"column":4},"end":{"line":39,"column":null}},"13":{"start":{"line":42,"column":8},"end":{"line":46,"column":null}},"14":{"start":{"line":43,"column":4},"end":{"line":45,"column":null}},"15":{"start":{"line":49,"column":4},"end":{"line":49,"column":null}},"16":{"start":{"line":49,"column":22},"end":{"line":49,"column":null}},"17":{"start":{"line":50,"column":4},"end":{"line":50,"column":null}},"18":{"start":{"line":50,"column":32},"end":{"line":50,"column":null}},"19":{"start":{"line":51,"column":4},"end":{"line":53,"column":null}},"20":{"start":{"line":52,"column":6},"end":{"line":52,"column":null}},"21":{"start":{"line":54,"column":4},"end":{"line":54,"column":null}},"22":{"start":{"line":58,"column":4},"end":{"line":58,"column":null}},"23":{"start":{"line":58,"column":23},"end":{"line":58,"column":null}},"24":{"start":{"line":59,"column":4},"end":{"line":61,"column":null}},"25":{"start":{"line":60,"column":6},"end":{"line":60,"column":null}},"26":{"start":{"line":62,"column":4},"end":{"line":62,"column":null}},"27":{"start":{"line":66,"column":4},"end":{"line":66,"column":null}},"28":{"start":{"line":66,"column":26},"end":{"line":66,"column":null}},"29":{"start":{"line":67,"column":4},"end":{"line":67,"column":null}},"30":{"start":{"line":67,"column":29},"end":{"line":67,"column":null}},"31":{"start":{"line":68,"column":4},"end":{"line":68,"column":null}},"32":{"start":{"line":68,"column":33},"end":{"line":68,"column":null}},"33":{"start":{"line":69,"column":4},"end":{"line":69,"column":null}},"34":{"start":{"line":69,"column":33},"end":{"line":69,"column":null}},"35":{"start":{"line":70,"column":4},"end":{"line":70,"column":null}},"36":{"start":{"line":70,"column":30},"end":{"line":70,"column":null}},"37":{"start":{"line":71,"column":4},"end":{"line":73,"column":null}},"38":{"start":{"line":72,"column":6},"end":{"line":72,"column":null}},"39":{"start":{"line":74,"column":4},"end":{"line":74,"column":null}},"40":{"start":{"line":78,"column":4},"end":{"line":78,"column":null}},"41":{"start":{"line":78,"column":33},"end":{"line":78,"column":null}},"42":{"start":{"line":79,"column":4},"end":{"line":79,"column":null}},"43":{"start":{"line":79,"column":38},"end":{"line":79,"column":null}},"44":{"start":{"line":80,"column":4},"end":{"line":80,"column":null}},"45":{"start":{"line":84,"column":4},"end":{"line":84,"column":null}},"46":{"start":{"line":84,"column":29},"end":{"line":84,"column":null}},"47":{"start":{"line":85,"column":4},"end":{"line":85,"column":null}},"48":{"start":{"line":85,"column":26},"end":{"line":85,"column":null}},"49":{"start":{"line":86,"column":4},"end":{"line":86,"column":null}},"50":{"start":{"line":86,"column":29},"end":{"line":86,"column":null}},"51":{"start":{"line":87,"column":4},"end":{"line":89,"column":null}},"52":{"start":{"line":88,"column":6},"end":{"line":88,"column":null}},"53":{"start":{"line":90,"column":4},"end":{"line":90,"column":null}},"54":{"start":{"line":94,"column":43},"end":{"line":94,"column":null}},"55":{"start":{"line":96,"column":24},"end":{"line":99,"column":null}},"56":{"start":{"line":101,"column":4},"end":{"line":101,"column":null}},"57":{"start":{"line":102,"column":4},"end":{"line":102,"column":null}},"58":{"start":{"line":103,"column":4},"end":{"line":103,"column":null}},"59":{"start":{"line":105,"column":4},"end":{"line":119,"column":null}},"60":{"start":{"line":106,"column":6},"end":{"line":118,"column":null}},"61":{"start":{"line":106,"column":32},"end":{"line":118,"column":8}},"62":{"start":{"line":123,"column":19},"end":{"line":131,"column":null}},"63":{"start":{"line":133,"column":4},"end":{"line":133,"column":null}},"64":{"start":{"line":135,"column":21},"end":{"line":135,"column":null}},"65":{"start":{"line":136,"column":4},"end":{"line":139,"column":null}},"66":{"start":{"line":137,"column":6},"end":{"line":137,"column":null}},"67":{"start":{"line":138,"column":6},"end":{"line":138,"column":null}},"68":{"start":{"line":141,"column":4},"end":{"line":141,"column":null}},"69":{"start":{"line":145,"column":19},"end":{"line":148,"column":null}},"70":{"start":{"line":150,"column":4},"end":{"line":150,"column":null}},"71":{"start":{"line":152,"column":21},"end":{"line":152,"column":null}},"72":{"start":{"line":153,"column":4},"end":{"line":156,"column":null}},"73":{"start":{"line":154,"column":6},"end":{"line":154,"column":null}},"74":{"start":{"line":155,"column":6},"end":{"line":155,"column":null}},"75":{"start":{"line":158,"column":4},"end":{"line":158,"column":null}},"76":{"start":{"line":162,"column":4},"end":{"line":162,"column":null}},"77":{"start":{"line":163,"column":4},"end":{"line":163,"column":null}},"78":{"start":{"line":163,"column":33},"end":{"line":163,"column":null}},"79":{"start":{"line":165,"column":4},"end":{"line":202,"column":null}},"80":{"start":{"line":166,"column":6},"end":{"line":166,"column":null}},"81":{"start":{"line":167,"column":6},"end":{"line":167,"column":null}},"82":{"start":{"line":168,"column":6},"end":{"line":168,"column":null}},"83":{"start":{"line":170,"column":30},"end":{"line":170,"column":null}},"84":{"start":{"line":171,"column":6},"end":{"line":177,"column":null}},"85":{"start":{"line":172,"column":29},"end":{"line":172,"column":null}},"86":{"start":{"line":173,"column":8},"end":{"line":176,"column":null}},"87":{"start":{"line":174,"column":10},"end":{"line":174,"column":null}},"88":{"start":{"line":175,"column":10},"end":{"line":175,"column":null}},"89":{"start":{"line":179,"column":6},"end":{"line":184,"column":null}},"90":{"start":{"line":186,"column":6},"end":{"line":186,"column":null}},"91":{"start":{"line":187,"column":6},"end":{"line":187,"column":null}},"92":{"start":{"line":188,"column":6},"end":{"line":188,"column":null}},"93":{"start":{"line":189,"column":6},"end":{"line":189,"column":null}},"94":{"start":{"line":190,"column":6},"end":{"line":190,"column":null}},"95":{"start":{"line":192,"column":6},"end":{"line":196,"column":null}},"96":{"start":{"line":192,"column":29},"end":{"line":196,"column":8}},"97":{"start":{"line":198,"column":6},"end":{"line":198,"column":null}},"98":{"start":{"line":199,"column":6},"end":{"line":199,"column":null}},"99":{"start":{"line":201,"column":6},"end":{"line":201,"column":null}},"100":{"start":{"line":206,"column":4},"end":{"line":206,"column":null}},"101":{"start":{"line":207,"column":4},"end":{"line":207,"column":null}},"102":{"start":{"line":207,"column":30},"end":{"line":207,"column":null}},"103":{"start":{"line":209,"column":4},"end":{"line":232,"column":null}},"104":{"start":{"line":210,"column":6},"end":{"line":210,"column":null}},"105":{"start":{"line":211,"column":6},"end":{"line":211,"column":null}},"106":{"start":{"line":212,"column":6},"end":{"line":212,"column":null}},"107":{"start":{"line":214,"column":28},"end":{"line":217,"column":null}},"108":{"start":{"line":219,"column":6},"end":{"line":222,"column":null}},"109":{"start":{"line":220,"column":8},"end":{"line":220,"column":null}},"110":{"start":{"line":221,"column":8},"end":{"line":221,"column":null}},"111":{"start":{"line":224,"column":6},"end":{"line":224,"column":null}},"112":{"start":{"line":225,"column":6},"end":{"line":225,"column":null}},"113":{"start":{"line":226,"column":6},"end":{"line":226,"column":null}},"114":{"start":{"line":228,"column":6},"end":{"line":228,"column":null}},"115":{"start":{"line":229,"column":6},"end":{"line":229,"column":null}},"116":{"start":{"line":231,"column":6},"end":{"line":231,"column":null}},"117":{"start":{"line":236,"column":4},"end":{"line":236,"column":null}},"118":{"start":{"line":237,"column":4},"end":{"line":237,"column":null}},"119":{"start":{"line":238,"column":4},"end":{"line":238,"column":null}},"120":{"start":{"line":239,"column":4},"end":{"line":239,"column":null}},"121":{"start":{"line":240,"column":4},"end":{"line":240,"column":null}},"122":{"start":{"line":241,"column":4},"end":{"line":241,"column":null}},"123":{"start":{"line":242,"column":4},"end":{"line":242,"column":null}},"124":{"start":{"line":246,"column":4},"end":{"line":246,"column":null}},"125":{"start":{"line":247,"column":4},"end":{"line":247,"column":null}},"126":{"start":{"line":248,"column":4},"end":{"line":248,"column":null}},"127":{"start":{"line":249,"column":4},"end":{"line":249,"column":null}},"128":{"start":{"line":250,"column":4},"end":{"line":250,"column":null}},"129":{"start":{"line":252,"column":4},"end":{"line":258,"column":null}},"130":{"start":{"line":259,"column":4},"end":{"line":259,"column":null}},"131":{"start":{"line":260,"column":4},"end":{"line":260,"column":null}},"132":{"start":{"line":261,"column":4},"end":{"line":261,"column":null}},"133":{"start":{"line":262,"column":4},"end":{"line":262,"column":null}},"134":{"start":{"line":263,"column":4},"end":{"line":263,"column":null}},"135":{"start":{"line":264,"column":4},"end":{"line":264,"column":null}},"136":{"start":{"line":267,"column":2},"end":{"line":500,"column":null}},"137":{"start":{"line":300,"column":18},"end":{"line":300,"column":null}},"138":{"start":{"line":301,"column":18},"end":{"line":301,"column":null}},"139":{"start":{"line":302,"column":18},"end":{"line":302,"column":null}},"140":{"start":{"line":303,"column":18},"end":{"line":303,"column":null}},"141":{"start":{"line":304,"column":18},"end":{"line":304,"column":null}},"142":{"start":{"line":305,"column":18},"end":{"line":305,"column":null}},"143":{"start":{"line":315,"column":18},"end":{"line":315,"column":null}},"144":{"start":{"line":316,"column":18},"end":{"line":316,"column":null}},"145":{"start":{"line":317,"column":18},"end":{"line":317,"column":null}},"146":{"start":{"line":318,"column":18},"end":{"line":318,"column":null}},"147":{"start":{"line":319,"column":18},"end":{"line":319,"column":null}},"148":{"start":{"line":320,"column":18},"end":{"line":320,"column":null}},"149":{"start":{"line":337,"column":35},"end":{"line":337,"column":null}},"150":{"start":{"line":420,"column":37},"end":{"line":420,"column":null}},"151":{"start":{"line":420,"column":63},"end":{"line":420,"column":68}},"152":{"start":{"line":452,"column":39},"end":{"line":452,"column":null}},"153":{"start":{"line":452,"column":72},"end":{"line":452,"column":77}},"154":{"start":{"line":490,"column":35},"end":{"line":490,"column":null}}},"fnMap":{"0":{"name":"Registration","decl":{"start":{"line":14,"column":24},"end":{"line":14,"column":39}},"loc":{"start":{"line":14,"column":39},"end":{"line":502,"column":null}},"line":14},"1":{"name":"(anonymous_1)","decl":{"start":{"line":36,"column":30},"end":{"line":36,"column":36}},"loc":{"start":{"line":36,"column":36},"end":{"line":40,"column":5}},"line":36},"2":{"name":"(anonymous_2)","decl":{"start":{"line":42,"column":33},"end":{"line":42,"column":39}},"loc":{"start":{"line":42,"column":39},"end":{"line":46,"column":5}},"line":42},"3":{"name":"validateName","decl":{"start":{"line":48,"column":11},"end":{"line":48,"column":24}},"loc":{"start":{"line":48,"column":30},"end":{"line":55,"column":null}},"line":48},"4":{"name":"validateEmail","decl":{"start":{"line":57,"column":11},"end":{"line":57,"column":25}},"loc":{"start":{"line":57,"column":32},"end":{"line":63,"column":null}},"line":57},"5":{"name":"validatePassword","decl":{"start":{"line":65,"column":11},"end":{"line":65,"column":28}},"loc":{"start":{"line":65,"column":38},"end":{"line":75,"column":null}},"line":65},"6":{"name":"validateConfirmPassword","decl":{"start":{"line":77,"column":11},"end":{"line":77,"column":35}},"loc":{"start":{"line":77,"column":62},"end":{"line":81,"column":null}},"line":77},"7":{"name":"getFieldError","decl":{"start":{"line":83,"column":11},"end":{"line":83,"column":25}},"loc":{"start":{"line":83,"column":51},"end":{"line":91,"column":null}},"line":83},"8":{"name":"handleChange","decl":{"start":{"line":93,"column":11},"end":{"line":93,"column":24}},"loc":{"start":{"line":93,"column":31},"end":{"line":120,"column":null}},"line":93},"9":{"name":"(anonymous_9)","decl":{"start":{"line":106,"column":21},"end":{"line":106,"column":22}},"loc":{"start":{"line":106,"column":32},"end":{"line":118,"column":8}},"line":106},"10":{"name":"validateRegisterForm","decl":{"start":{"line":122,"column":11},"end":{"line":122,"column":34}},"loc":{"start":{"line":122,"column":34},"end":{"line":142,"column":null}},"line":122},"11":{"name":"validateLoginForm","decl":{"start":{"line":144,"column":11},"end":{"line":144,"column":31}},"loc":{"start":{"line":144,"column":31},"end":{"line":159,"column":null}},"line":144},"12":{"name":"handleRegister","decl":{"start":{"line":161,"column":17},"end":{"line":161,"column":32}},"loc":{"start":{"line":161,"column":39},"end":{"line":203,"column":null}},"line":161},"13":{"name":"(anonymous_13)","decl":{"start":{"line":192,"column":18},"end":{"line":192,"column":19}},"loc":{"start":{"line":192,"column":29},"end":{"line":196,"column":8}},"line":192},"14":{"name":"handleLogin","decl":{"start":{"line":205,"column":17},"end":{"line":205,"column":29}},"loc":{"start":{"line":205,"column":36},"end":{"line":233,"column":null}},"line":205},"15":{"name":"handleLogout","decl":{"start":{"line":235,"column":11},"end":{"line":235,"column":26}},"loc":{"start":{"line":235,"column":26},"end":{"line":243,"column":null}},"line":235},"16":{"name":"handleDeleteProfile","decl":{"start":{"line":245,"column":11},"end":{"line":245,"column":33}},"loc":{"start":{"line":245,"column":33},"end":{"line":265,"column":null}},"line":245},"17":{"name":"(anonymous_17)","decl":{"start":{"line":299,"column":25},"end":{"line":299,"column":31}},"loc":{"start":{"line":299,"column":31},"end":{"line":306,"column":null}},"line":299},"18":{"name":"(anonymous_18)","decl":{"start":{"line":314,"column":25},"end":{"line":314,"column":31}},"loc":{"start":{"line":314,"column":31},"end":{"line":321,"column":null}},"line":314},"19":{"name":"(anonymous_19)","decl":{"start":{"line":337,"column":29},"end":{"line":337,"column":35}},"loc":{"start":{"line":337,"column":35},"end":{"line":337,"column":null}},"line":337},"20":{"name":"(anonymous_20)","decl":{"start":{"line":420,"column":31},"end":{"line":420,"column":37}},"loc":{"start":{"line":420,"column":37},"end":{"line":420,"column":null}},"line":420},"21":{"name":"(anonymous_21)","decl":{"start":{"line":420,"column":53},"end":{"line":420,"column":54}},"loc":{"start":{"line":420,"column":63},"end":{"line":420,"column":68}},"line":420},"22":{"name":"(anonymous_22)","decl":{"start":{"line":452,"column":33},"end":{"line":452,"column":39}},"loc":{"start":{"line":452,"column":39},"end":{"line":452,"column":null}},"line":452},"23":{"name":"(anonymous_23)","decl":{"start":{"line":452,"column":62},"end":{"line":452,"column":63}},"loc":{"start":{"line":452,"column":72},"end":{"line":452,"column":77}},"line":452},"24":{"name":"(anonymous_24)","decl":{"start":{"line":490,"column":29},"end":{"line":490,"column":35}},"loc":{"start":{"line":490,"column":35},"end":{"line":490,"column":null}},"line":490}},"branchMap":{"0":{"loc":{"start":{"line":37,"column":11},"end":{"line":39,"column":null}},"type":"cond-expr","locations":[{"start":{"line":38,"column":8},"end":{"line":38,"column":null}},{"start":{"line":39,"column":8},"end":{"line":39,"column":null}}],"line":37},"1":{"loc":{"start":{"line":43,"column":11},"end":{"line":45,"column":null}},"type":"cond-expr","locations":[{"start":{"line":44,"column":8},"end":{"line":44,"column":null}},{"start":{"line":45,"column":8},"end":{"line":45,"column":null}}],"line":43},"2":{"loc":{"start":{"line":49,"column":4},"end":{"line":49,"column":null}},"type":"if","locations":[{"start":{"line":49,"column":4},"end":{"line":49,"column":null}},{"start":{},"end":{}}],"line":49},"3":{"loc":{"start":{"line":50,"column":4},"end":{"line":50,"column":null}},"type":"if","locations":[{"start":{"line":50,"column":4},"end":{"line":50,"column":null}},{"start":{},"end":{}}],"line":50},"4":{"loc":{"start":{"line":51,"column":4},"end":{"line":53,"column":null}},"type":"if","locations":[{"start":{"line":51,"column":4},"end":{"line":53,"column":null}},{"start":{},"end":{}}],"line":51},"5":{"loc":{"start":{"line":58,"column":4},"end":{"line":58,"column":null}},"type":"if","locations":[{"start":{"line":58,"column":4},"end":{"line":58,"column":null}},{"start":{},"end":{}}],"line":58},"6":{"loc":{"start":{"line":59,"column":4},"end":{"line":61,"column":null}},"type":"if","locations":[{"start":{"line":59,"column":4},"end":{"line":61,"column":null}},{"start":{},"end":{}}],"line":59},"7":{"loc":{"start":{"line":66,"column":4},"end":{"line":66,"column":null}},"type":"if","locations":[{"start":{"line":66,"column":4},"end":{"line":66,"column":null}},{"start":{},"end":{}}],"line":66},"8":{"loc":{"start":{"line":67,"column":4},"end":{"line":67,"column":null}},"type":"if","locations":[{"start":{"line":67,"column":4},"end":{"line":67,"column":null}},{"start":{},"end":{}}],"line":67},"9":{"loc":{"start":{"line":68,"column":4},"end":{"line":68,"column":null}},"type":"if","locations":[{"start":{"line":68,"column":4},"end":{"line":68,"column":null}},{"start":{},"end":{}}],"line":68},"10":{"loc":{"start":{"line":69,"column":4},"end":{"line":69,"column":null}},"type":"if","locations":[{"start":{"line":69,"column":4},"end":{"line":69,"column":null}},{"start":{},"end":{}}],"line":69},"11":{"loc":{"start":{"line":70,"column":4},"end":{"line":70,"column":null}},"type":"if","locations":[{"start":{"line":70,"column":4},"end":{"line":70,"column":null}},{"start":{},"end":{}}],"line":70},"12":{"loc":{"start":{"line":71,"column":4},"end":{"line":73,"column":null}},"type":"if","locations":[{"start":{"line":71,"column":4},"end":{"line":73,"column":null}},{"start":{},"end":{}}],"line":71},"13":{"loc":{"start":{"line":78,"column":4},"end":{"line":78,"column":null}},"type":"if","locations":[{"start":{"line":78,"column":4},"end":{"line":78,"column":null}},{"start":{},"end":{}}],"line":78},"14":{"loc":{"start":{"line":79,"column":4},"end":{"line":79,"column":null}},"type":"if","locations":[{"start":{"line":79,"column":4},"end":{"line":79,"column":null}},{"start":{},"end":{}}],"line":79},"15":{"loc":{"start":{"line":84,"column":4},"end":{"line":84,"column":null}},"type":"if","locations":[{"start":{"line":84,"column":4},"end":{"line":84,"column":null}},{"start":{},"end":{}}],"line":84},"16":{"loc":{"start":{"line":85,"column":4},"end":{"line":85,"column":null}},"type":"if","locations":[{"start":{"line":85,"column":4},"end":{"line":85,"column":null}},{"start":{},"end":{}}],"line":85},"17":{"loc":{"start":{"line":86,"column":4},"end":{"line":86,"column":null}},"type":"if","locations":[{"start":{"line":86,"column":4},"end":{"line":86,"column":null}},{"start":{},"end":{}}],"line":86},"18":{"loc":{"start":{"line":87,"column":4},"end":{"line":89,"column":null}},"type":"if","locations":[{"start":{"line":87,"column":4},"end":{"line":89,"column":null}},{"start":{},"end":{}}],"line":87},"19":{"loc":{"start":{"line":98,"column":14},"end":{"line":98,"column":null}},"type":"cond-expr","locations":[{"start":{"line":98,"column":36},"end":{"line":98,"column":46}},{"start":{"line":98,"column":46},"end":{"line":98,"column":null}}],"line":98},"20":{"loc":{"start":{"line":105,"column":4},"end":{"line":119,"column":null}},"type":"if","locations":[{"start":{"line":105,"column":4},"end":{"line":119,"column":null}},{"start":{},"end":{}}],"line":105},"21":{"loc":{"start":{"line":109,"column":12},"end":{"line":117,"column":null}},"type":"cond-expr","locations":[{"start":{"line":110,"column":12},"end":{"line":116,"column":null}},{"start":{"line":117,"column":12},"end":{"line":117,"column":null}}],"line":109},"22":{"loc":{"start":{"line":109,"column":12},"end":{"line":109,"column":null}},"type":"binary-expr","locations":[{"start":{"line":109,"column":12},"end":{"line":109,"column":35}},{"start":{"line":109,"column":35},"end":{"line":109,"column":null}}],"line":109},"23":{"loc":{"start":{"line":136,"column":4},"end":{"line":139,"column":null}},"type":"if","locations":[{"start":{"line":136,"column":4},"end":{"line":139,"column":null}},{"start":{},"end":{}}],"line":136},"24":{"loc":{"start":{"line":147,"column":16},"end":{"line":147,"column":null}},"type":"cond-expr","locations":[{"start":{"line":147,"column":43},"end":{"line":147,"column":48}},{"start":{"line":147,"column":48},"end":{"line":147,"column":null}}],"line":147},"25":{"loc":{"start":{"line":153,"column":4},"end":{"line":156,"column":null}},"type":"if","locations":[{"start":{"line":153,"column":4},"end":{"line":156,"column":null}},{"start":{},"end":{}}],"line":153},"26":{"loc":{"start":{"line":163,"column":4},"end":{"line":163,"column":null}},"type":"if","locations":[{"start":{"line":163,"column":4},"end":{"line":163,"column":null}},{"start":{},"end":{}}],"line":163},"27":{"loc":{"start":{"line":171,"column":6},"end":{"line":177,"column":null}},"type":"if","locations":[{"start":{"line":171,"column":6},"end":{"line":177,"column":null}},{"start":{},"end":{}}],"line":171},"28":{"loc":{"start":{"line":173,"column":8},"end":{"line":176,"column":null}},"type":"if","locations":[{"start":{"line":173,"column":8},"end":{"line":176,"column":null}},{"start":{},"end":{}}],"line":173},"29":{"loc":{"start":{"line":207,"column":4},"end":{"line":207,"column":null}},"type":"if","locations":[{"start":{"line":207,"column":4},"end":{"line":207,"column":null}},{"start":{},"end":{}}],"line":207},"30":{"loc":{"start":{"line":219,"column":6},"end":{"line":222,"column":null}},"type":"if","locations":[{"start":{"line":219,"column":6},"end":{"line":222,"column":null}},{"start":{},"end":{}}],"line":219},"31":{"loc":{"start":{"line":298,"column":27},"end":{"line":298,"column":null}},"type":"cond-expr","locations":[{"start":{"line":298,"column":49},"end":{"line":298,"column":71}},{"start":{"line":298,"column":71},"end":{"line":298,"column":null}}],"line":298},"32":{"loc":{"start":{"line":313,"column":27},"end":{"line":313,"column":null}},"type":"cond-expr","locations":[{"start":{"line":313,"column":46},"end":{"line":313,"column":68}},{"start":{"line":313,"column":68},"end":{"line":313,"column":null}}],"line":313},"33":{"loc":{"start":{"line":327,"column":13},"end":{"line":495,"column":null}},"type":"cond-expr","locations":[{"start":{"line":328,"column":14},"end":{"line":358,"column":null}},{"start":{"line":360,"column":14},"end":{"line":495,"column":null}}],"line":327},"34":{"loc":{"start":{"line":327,"column":13},"end":{"line":327,"column":null}},"type":"binary-expr","locations":[{"start":{"line":327,"column":13},"end":{"line":327,"column":32}},{"start":{"line":327,"column":32},"end":{"line":327,"column":null}}],"line":327},"35":{"loc":{"start":{"line":330,"column":40},"end":{"line":330,"column":82}},"type":"binary-expr","locations":[{"start":{"line":330,"column":40},"end":{"line":330,"column":64}},{"start":{"line":330,"column":64},"end":{"line":330,"column":82}}],"line":330},"36":{"loc":{"start":{"line":362,"column":26},"end":{"line":362,"column":null}},"type":"cond-expr","locations":[{"start":{"line":362,"column":48},"end":{"line":362,"column":65}},{"start":{"line":362,"column":65},"end":{"line":362,"column":null}}],"line":362},"37":{"loc":{"start":{"line":365,"column":17},"end":{"line":381,"column":null}},"type":"binary-expr","locations":[{"start":{"line":365,"column":17},"end":{"line":365,"column":null}},{"start":{"line":366,"column":18},"end":{"line":381,"column":null}}],"line":365},"38":{"loc":{"start":{"line":376,"column":33},"end":{"line":376,"column":null}},"type":"cond-expr","locations":[{"start":{"line":376,"column":56},"end":{"line":376,"column":72}},{"start":{"line":376,"column":72},"end":{"line":376,"column":null}}],"line":376},"39":{"loc":{"start":{"line":378,"column":21},"end":{"line":379,"column":null}},"type":"binary-expr","locations":[{"start":{"line":378,"column":21},"end":{"line":378,"column":null}},{"start":{"line":379,"column":22},"end":{"line":379,"column":null}}],"line":378},"40":{"loc":{"start":{"line":394,"column":31},"end":{"line":394,"column":null}},"type":"cond-expr","locations":[{"start":{"line":394,"column":51},"end":{"line":394,"column":67}},{"start":{"line":394,"column":67},"end":{"line":394,"column":null}}],"line":394},"41":{"loc":{"start":{"line":396,"column":19},"end":{"line":397,"column":null}},"type":"binary-expr","locations":[{"start":{"line":396,"column":19},"end":{"line":396,"column":null}},{"start":{"line":397,"column":20},"end":{"line":397,"column":null}}],"line":396},"42":{"loc":{"start":{"line":407,"column":28},"end":{"line":407,"column":null}},"type":"cond-expr","locations":[{"start":{"line":407,"column":43},"end":{"line":407,"column":52}},{"start":{"line":407,"column":52},"end":{"line":407,"column":null}}],"line":407},"43":{"loc":{"start":{"line":412,"column":24},"end":{"line":412,"column":null}},"type":"cond-expr","locations":[{"start":{"line":412,"column":46},"end":{"line":412,"column":63}},{"start":{"line":412,"column":63},"end":{"line":412,"column":null}}],"line":412},"44":{"loc":{"start":{"line":414,"column":33},"end":{"line":414,"column":null}},"type":"cond-expr","locations":[{"start":{"line":414,"column":56},"end":{"line":414,"column":72}},{"start":{"line":414,"column":72},"end":{"line":414,"column":null}}],"line":414},"45":{"loc":{"start":{"line":419,"column":34},"end":{"line":419,"column":null}},"type":"cond-expr","locations":[{"start":{"line":419,"column":49},"end":{"line":419,"column":67}},{"start":{"line":419,"column":67},"end":{"line":419,"column":null}}],"line":419},"46":{"loc":{"start":{"line":422,"column":23},"end":{"line":422,"column":null}},"type":"cond-expr","locations":[{"start":{"line":422,"column":38},"end":{"line":422,"column":47}},{"start":{"line":422,"column":47},"end":{"line":422,"column":null}}],"line":422},"47":{"loc":{"start":{"line":425,"column":19},"end":{"line":426,"column":null}},"type":"binary-expr","locations":[{"start":{"line":425,"column":19},"end":{"line":425,"column":null}},{"start":{"line":426,"column":20},"end":{"line":426,"column":null}}],"line":425},"48":{"loc":{"start":{"line":430,"column":17},"end":{"line":460,"column":null}},"type":"binary-expr","locations":[{"start":{"line":430,"column":17},"end":{"line":430,"column":null}},{"start":{"line":431,"column":18},"end":{"line":460,"column":null}}],"line":430},"49":{"loc":{"start":{"line":437,"column":30},"end":{"line":437,"column":null}},"type":"cond-expr","locations":[{"start":{"line":437,"column":52},"end":{"line":437,"column":61}},{"start":{"line":437,"column":61},"end":{"line":437,"column":null}}],"line":437},"50":{"loc":{"start":{"line":442,"column":35},"end":{"line":442,"column":null}},"type":"cond-expr","locations":[{"start":{"line":442,"column":65},"end":{"line":442,"column":81}},{"start":{"line":442,"column":81},"end":{"line":442,"column":null}}],"line":442},"51":{"loc":{"start":{"line":448,"column":26},"end":{"line":450,"column":null}},"type":"cond-expr","locations":[{"start":{"line":449,"column":30},"end":{"line":449,"column":null}},{"start":{"line":450,"column":30},"end":{"line":450,"column":null}}],"line":448},"52":{"loc":{"start":{"line":454,"column":25},"end":{"line":454,"column":null}},"type":"cond-expr","locations":[{"start":{"line":454,"column":47},"end":{"line":454,"column":56}},{"start":{"line":454,"column":56},"end":{"line":454,"column":null}}],"line":454},"53":{"loc":{"start":{"line":457,"column":21},"end":{"line":458,"column":null}},"type":"binary-expr","locations":[{"start":{"line":457,"column":21},"end":{"line":457,"column":null}},{"start":{"line":458,"column":22},"end":{"line":458,"column":null}}],"line":457},"54":{"loc":{"start":{"line":473,"column":17},"end":{"line":473,"column":null}},"type":"binary-expr","locations":[{"start":{"line":473,"column":17},"end":{"line":473,"column":26}},{"start":{"line":473,"column":26},"end":{"line":473,"column":null}}],"line":473},"55":{"loc":{"start":{"line":474,"column":17},"end":{"line":475,"column":null}},"type":"binary-expr","locations":[{"start":{"line":474,"column":17},"end":{"line":474,"column":null}},{"start":{"line":475,"column":18},"end":{"line":475,"column":null}}],"line":474},"56":{"loc":{"start":{"line":480,"column":21},"end":{"line":484,"column":null}},"type":"cond-expr","locations":[{"start":{"line":481,"column":24},"end":{"line":481,"column":null}},{"start":{"line":482,"column":24},"end":{"line":484,"column":null}}],"line":480},"57":{"loc":{"start":{"line":482,"column":24},"end":{"line":484,"column":null}},"type":"cond-expr","locations":[{"start":{"line":483,"column":24},"end":{"line":483,"column":null}},{"start":{"line":484,"column":24},"end":{"line":484,"column":null}}],"line":482}},"s":{"0":61,"1":61,"2":61,"3":61,"4":61,"5":61,"6":61,"7":61,"8":61,"9":61,"10":61,"11":61,"12":35,"13":61,"14":35,"15":11,"16":5,"17":6,"18":6,"19":4,"20":0,"21":4,"22":12,"23":6,"24":6,"25":2,"26":4,"27":13,"28":3,"29":10,"30":10,"31":8,"32":8,"33":6,"34":6,"35":6,"36":6,"37":6,"38":2,"39":4,"40":15,"41":11,"42":4,"43":4,"44":2,"45":18,"46":3,"47":15,"48":15,"49":12,"50":12,"51":7,"52":7,"53":0,"54":14,"55":14,"56":14,"57":14,"58":14,"59":14,"60":13,"61":13,"62":8,"63":8,"64":8,"65":8,"66":7,"67":7,"68":1,"69":1,"70":1,"71":1,"72":1,"73":1,"74":1,"75":0,"76":8,"77":8,"78":7,"79":1,"80":1,"81":1,"82":1,"83":1,"84":1,"85":0,"86":0,"87":0,"88":0,"89":1,"90":1,"91":1,"92":1,"93":1,"94":1,"95":1,"96":1,"97":0,"98":0,"99":1,"100":1,"101":1,"102":1,"103":0,"104":0,"105":0,"106":0,"107":0,"108":0,"109":0,"110":0,"111":0,"112":0,"113":0,"114":0,"115":0,"116":0,"117":0,"118":0,"119":0,"120":0,"121":0,"122":0,"123":0,"124":0,"125":0,"126":0,"127":0,"128":0,"129":0,"130":0,"131":0,"132":0,"133":0,"134":0,"135":0,"136":61,"137":1,"138":1,"139":1,"140":1,"141":1,"142":1,"143":4,"144":4,"145":4,"146":4,"147":4,"148":4,"149":0,"150":3,"151":3,"152":0,"153":0,"154":1},"f":{"0":61,"1":35,"2":35,"3":11,"4":12,"5":13,"6":15,"7":18,"8":14,"9":13,"10":8,"11":1,"12":8,"13":1,"14":1,"15":0,"16":0,"17":1,"18":4,"19":0,"20":3,"21":3,"22":0,"23":0,"24":1},"b":{"0":[30,5],"1":[30,5],"2":[5,6],"3":[2,4],"4":[0,4],"5":[6,6],"6":[2,4],"7":[3,10],"8":[2,8],"9":[2,6],"10":[0,6],"11":[0,6],"12":[2,4],"13":[11,4],"14":[2,2],"15":[3,15],"16":[3,12],"17":[5,7],"18":[7,0],"19":[1,13],"20":[13,1],"21":[5,8],"22":[13,5],"23":[7,1],"24":[0,1],"25":[1,0],"26":[7,1],"27":[0,1],"28":[0,0],"29":[1,0],"30":[0,0],"31":[55,6],"32":[6,55],"33":[0,61],"34":[61,0],"35":[0,0],"36":[55,6],"37":[61,55],"38":[7,48],"39":[55,7],"40":[8,53],"41":[61,8],"42":[2,59],"43":[55,6],"44":[10,51],"45":[2,59],"46":[2,59],"47":[61,10],"48":[61,55],"49":[0,55],"50":[13,42],"51":[0,55],"52":[0,55],"53":[55,13],"54":[61,8],"55":[61,1],"56":[1,60],"57":[54,6]},"meta":{"lastBranch":58,"lastFunction":25,"lastStatement":155,"seen":{"f:14:24:14:39":0,"s:15:8:15:Infinity":0,"s:16:8:16:Infinity":1,"s:17:69:17:Infinity":2,"s:19:22:19:Infinity":3,"s:20:38:20:Infinity":4,"s:21:52:21:Infinity":5,"s:23:30:29:Infinity":6,"s:31:36:31:Infinity":7,"s:32:24:32:Infinity":8,"s:33:42:33:Infinity":9,"s:34:38:34:Infinity":10,"s:36:8:40:Infinity":11,"f:36:30:36:36":1,"s:37:4:39:Infinity":12,"b:38:8:38:Infinity:39:8:39:Infinity":0,"s:42:8:46:Infinity":13,"f:42:33:42:39":2,"s:43:4:45:Infinity":14,"b:44:8:44:Infinity:45:8:45:Infinity":1,"f:48:11:48:24":3,"b:49:4:49:Infinity:undefined:undefined:undefined:undefined":2,"s:49:4:49:Infinity":15,"s:49:22:49:Infinity":16,"b:50:4:50:Infinity:undefined:undefined:undefined:undefined":3,"s:50:4:50:Infinity":17,"s:50:32:50:Infinity":18,"b:51:4:53:Infinity:undefined:undefined:undefined:undefined":4,"s:51:4:53:Infinity":19,"s:52:6:52:Infinity":20,"s:54:4:54:Infinity":21,"f:57:11:57:25":4,"b:58:4:58:Infinity:undefined:undefined:undefined:undefined":5,"s:58:4:58:Infinity":22,"s:58:23:58:Infinity":23,"b:59:4:61:Infinity:undefined:undefined:undefined:undefined":6,"s:59:4:61:Infinity":24,"s:60:6:60:Infinity":25,"s:62:4:62:Infinity":26,"f:65:11:65:28":5,"b:66:4:66:Infinity:undefined:undefined:undefined:undefined":7,"s:66:4:66:Infinity":27,"s:66:26:66:Infinity":28,"b:67:4:67:Infinity:undefined:undefined:undefined:undefined":8,"s:67:4:67:Infinity":29,"s:67:29:67:Infinity":30,"b:68:4:68:Infinity:undefined:undefined:undefined:undefined":9,"s:68:4:68:Infinity":31,"s:68:33:68:Infinity":32,"b:69:4:69:Infinity:undefined:undefined:undefined:undefined":10,"s:69:4:69:Infinity":33,"s:69:33:69:Infinity":34,"b:70:4:70:Infinity:undefined:undefined:undefined:undefined":11,"s:70:4:70:Infinity":35,"s:70:30:70:Infinity":36,"b:71:4:73:Infinity:undefined:undefined:undefined:undefined":12,"s:71:4:73:Infinity":37,"s:72:6:72:Infinity":38,"s:74:4:74:Infinity":39,"f:77:11:77:35":6,"b:78:4:78:Infinity:undefined:undefined:undefined:undefined":13,"s:78:4:78:Infinity":40,"s:78:33:78:Infinity":41,"b:79:4:79:Infinity:undefined:undefined:undefined:undefined":14,"s:79:4:79:Infinity":42,"s:79:38:79:Infinity":43,"s:80:4:80:Infinity":44,"f:83:11:83:25":7,"b:84:4:84:Infinity:undefined:undefined:undefined:undefined":15,"s:84:4:84:Infinity":45,"s:84:29:84:Infinity":46,"b:85:4:85:Infinity:undefined:undefined:undefined:undefined":16,"s:85:4:85:Infinity":47,"s:85:26:85:Infinity":48,"b:86:4:86:Infinity:undefined:undefined:undefined:undefined":17,"s:86:4:86:Infinity":49,"s:86:29:86:Infinity":50,"b:87:4:89:Infinity:undefined:undefined:undefined:undefined":18,"s:87:4:89:Infinity":51,"s:88:6:88:Infinity":52,"s:90:4:90:Infinity":53,"f:93:11:93:24":8,"s:94:43:94:Infinity":54,"s:96:24:99:Infinity":55,"b:98:36:98:46:98:46:98:Infinity":19,"s:101:4:101:Infinity":56,"s:102:4:102:Infinity":57,"s:103:4:103:Infinity":58,"b:105:4:119:Infinity:undefined:undefined:undefined:undefined":20,"s:105:4:119:Infinity":59,"s:106:6:118:Infinity":60,"f:106:21:106:22":9,"s:106:32:118:8":61,"b:110:12:116:Infinity:117:12:117:Infinity":21,"b:109:12:109:35:109:35:109:Infinity":22,"f:122:11:122:34":10,"s:123:19:131:Infinity":62,"s:133:4:133:Infinity":63,"s:135:21:135:Infinity":64,"b:136:4:139:Infinity:undefined:undefined:undefined:undefined":23,"s:136:4:139:Infinity":65,"s:137:6:137:Infinity":66,"s:138:6:138:Infinity":67,"s:141:4:141:Infinity":68,"f:144:11:144:31":11,"s:145:19:148:Infinity":69,"b:147:43:147:48:147:48:147:Infinity":24,"s:150:4:150:Infinity":70,"s:152:21:152:Infinity":71,"b:153:4:156:Infinity:undefined:undefined:undefined:undefined":25,"s:153:4:156:Infinity":72,"s:154:6:154:Infinity":73,"s:155:6:155:Infinity":74,"s:158:4:158:Infinity":75,"f:161:17:161:32":12,"s:162:4:162:Infinity":76,"b:163:4:163:Infinity:undefined:undefined:undefined:undefined":26,"s:163:4:163:Infinity":77,"s:163:33:163:Infinity":78,"s:165:4:202:Infinity":79,"s:166:6:166:Infinity":80,"s:167:6:167:Infinity":81,"s:168:6:168:Infinity":82,"s:170:30:170:Infinity":83,"b:171:6:177:Infinity:undefined:undefined:undefined:undefined":27,"s:171:6:177:Infinity":84,"s:172:29:172:Infinity":85,"b:173:8:176:Infinity:undefined:undefined:undefined:undefined":28,"s:173:8:176:Infinity":86,"s:174:10:174:Infinity":87,"s:175:10:175:Infinity":88,"s:179:6:184:Infinity":89,"s:186:6:186:Infinity":90,"s:187:6:187:Infinity":91,"s:188:6:188:Infinity":92,"s:189:6:189:Infinity":93,"s:190:6:190:Infinity":94,"s:192:6:196:Infinity":95,"f:192:18:192:19":13,"s:192:29:196:8":96,"s:198:6:198:Infinity":97,"s:199:6:199:Infinity":98,"s:201:6:201:Infinity":99,"f:205:17:205:29":14,"s:206:4:206:Infinity":100,"b:207:4:207:Infinity:undefined:undefined:undefined:undefined":29,"s:207:4:207:Infinity":101,"s:207:30:207:Infinity":102,"s:209:4:232:Infinity":103,"s:210:6:210:Infinity":104,"s:211:6:211:Infinity":105,"s:212:6:212:Infinity":106,"s:214:28:217:Infinity":107,"b:219:6:222:Infinity:undefined:undefined:undefined:undefined":30,"s:219:6:222:Infinity":108,"s:220:8:220:Infinity":109,"s:221:8:221:Infinity":110,"s:224:6:224:Infinity":111,"s:225:6:225:Infinity":112,"s:226:6:226:Infinity":113,"s:228:6:228:Infinity":114,"s:229:6:229:Infinity":115,"s:231:6:231:Infinity":116,"f:235:11:235:26":15,"s:236:4:236:Infinity":117,"s:237:4:237:Infinity":118,"s:238:4:238:Infinity":119,"s:239:4:239:Infinity":120,"s:240:4:240:Infinity":121,"s:241:4:241:Infinity":122,"s:242:4:242:Infinity":123,"f:245:11:245:33":16,"s:246:4:246:Infinity":124,"s:247:4:247:Infinity":125,"s:248:4:248:Infinity":126,"s:249:4:249:Infinity":127,"s:250:4:250:Infinity":128,"s:252:4:258:Infinity":129,"s:259:4:259:Infinity":130,"s:260:4:260:Infinity":131,"s:261:4:261:Infinity":132,"s:262:4:262:Infinity":133,"s:263:4:263:Infinity":134,"s:264:4:264:Infinity":135,"s:267:2:500:Infinity":136,"b:298:49:298:71:298:71:298:Infinity":31,"f:299:25:299:31":17,"s:300:18:300:Infinity":137,"s:301:18:301:Infinity":138,"s:302:18:302:Infinity":139,"s:303:18:303:Infinity":140,"s:304:18:304:Infinity":141,"s:305:18:305:Infinity":142,"b:313:46:313:68:313:68:313:Infinity":32,"f:314:25:314:31":18,"s:315:18:315:Infinity":143,"s:316:18:316:Infinity":144,"s:317:18:317:Infinity":145,"s:318:18:318:Infinity":146,"s:319:18:319:Infinity":147,"s:320:18:320:Infinity":148,"b:328:14:358:Infinity:360:14:495:Infinity":33,"b:327:13:327:32:327:32:327:Infinity":34,"b:330:40:330:64:330:64:330:82":35,"f:337:29:337:35":19,"s:337:35:337:Infinity":149,"b:362:48:362:65:362:65:362:Infinity":36,"b:365:17:365:Infinity:366:18:381:Infinity":37,"b:376:56:376:72:376:72:376:Infinity":38,"b:378:21:378:Infinity:379:22:379:Infinity":39,"b:394:51:394:67:394:67:394:Infinity":40,"b:396:19:396:Infinity:397:20:397:Infinity":41,"b:407:43:407:52:407:52:407:Infinity":42,"b:412:46:412:63:412:63:412:Infinity":43,"b:414:56:414:72:414:72:414:Infinity":44,"b:419:49:419:67:419:67:419:Infinity":45,"f:420:31:420:37":20,"s:420:37:420:Infinity":150,"f:420:53:420:54":21,"s:420:63:420:68":151,"b:422:38:422:47:422:47:422:Infinity":46,"b:425:19:425:Infinity:426:20:426:Infinity":47,"b:430:17:430:Infinity:431:18:460:Infinity":48,"b:437:52:437:61:437:61:437:Infinity":49,"b:442:65:442:81:442:81:442:Infinity":50,"b:449:30:449:Infinity:450:30:450:Infinity":51,"f:452:33:452:39":22,"s:452:39:452:Infinity":152,"f:452:62:452:63":23,"s:452:72:452:77":153,"b:454:47:454:56:454:56:454:Infinity":52,"b:457:21:457:Infinity:458:22:458:Infinity":53,"b:473:17:473:26:473:26:473:Infinity":54,"b:474:17:474:Infinity:475:18:475:Infinity":55,"b:481:24:481:Infinity:482:24:484:Infinity":56,"b:483:24:483:Infinity:484:24:484:Infinity":57,"f:490:29:490:35":24,"s:490:35:490:Infinity":154}}}
,"/Users/chiranth/Documents/Usability Testing/project/Dietify/dietify-frontend/src/pages/Result.jsx": {"path":"/Users/chiranth/Documents/Usability Testing/project/Dietify/dietify-frontend/src/pages/Result.jsx","statementMap":{"0":{"start":{"line":9,"column":25},"end":{"line":50,"column":null}},"1":{"start":{"line":53,"column":8},"end":{"line":53,"column":null}},"2":{"start":{"line":54,"column":8},"end":{"line":54,"column":null}},"3":{"start":{"line":56,"column":8},"end":{"line":56,"column":null}},"4":{"start":{"line":56,"column":41},"end":{"line":56,"column":59}},"5":{"start":{"line":57,"column":8},"end":{"line":57,"column":null}},"6":{"start":{"line":57,"column":41},"end":{"line":57,"column":53}},"7":{"start":{"line":58,"column":8},"end":{"line":58,"column":null}},"8":{"start":{"line":58,"column":40},"end":{"line":58,"column":48}},"9":{"start":{"line":59,"column":8},"end":{"line":59,"column":null}},"10":{"start":{"line":59,"column":43},"end":{"line":59,"column":59}},"11":{"start":{"line":61,"column":24},"end":{"line":61,"column":null}},"12":{"start":{"line":62,"column":32},"end":{"line":62,"column":null}},"13":{"start":{"line":63,"column":36},"end":{"line":63,"column":null}},"14":{"start":{"line":65,"column":2},"end":{"line":99,"column":null}},"15":{"start":{"line":67,"column":6},"end":{"line":81,"column":null}},"16":{"start":{"line":68,"column":8},"end":{"line":68,"column":null}},"17":{"start":{"line":69,"column":8},"end":{"line":69,"column":null}},"18":{"start":{"line":71,"column":27},"end":{"line":71,"column":null}},"19":{"start":{"line":72,"column":28},"end":{"line":72,"column":null}},"20":{"start":{"line":74,"column":8},"end":{"line":74,"column":null}},"21":{"start":{"line":76,"column":8},"end":{"line":76,"column":null}},"22":{"start":{"line":77,"column":8},"end":{"line":77,"column":null}},"23":{"start":{"line":78,"column":8},"end":{"line":78,"column":null}},"24":{"start":{"line":80,"column":8},"end":{"line":80,"column":null}},"25":{"start":{"line":85,"column":6},"end":{"line":89,"column":null}},"26":{"start":{"line":91,"column":4},"end":{"line":94,"column":null}},"27":{"start":{"line":92,"column":6},"end":{"line":92,"column":null}},"28":{"start":{"line":93,"column":6},"end":{"line":93,"column":null}},"29":{"start":{"line":96,"column":4},"end":{"line":98,"column":null}},"30":{"start":{"line":97,"column":6},"end":{"line":97,"column":null}},"31":{"start":{"line":101,"column":2},"end":{"line":109,"column":null}},"32":{"start":{"line":102,"column":4},"end":{"line":102,"column":null}},"33":{"start":{"line":102,"column":22},"end":{"line":102,"column":null}},"34":{"start":{"line":104,"column":18},"end":{"line":106,"column":null}},"35":{"start":{"line":105,"column":6},"end":{"line":105,"column":null}},"36":{"start":{"line":108,"column":4},"end":{"line":108,"column":null}},"37":{"start":{"line":108,"column":17},"end":{"line":108,"column":null}},"38":{"start":{"line":112,"column":23},"end":{"line":112,"column":null}},"39":{"start":{"line":114,"column":4},"end":{"line":121,"column":null}},"40":{"start":{"line":115,"column":6},"end":{"line":120,"column":null}},"41":{"start":{"line":123,"column":22},"end":{"line":123,"column":null}},"42":{"start":{"line":125,"column":23},"end":{"line":144,"column":null}},"43":{"start":{"line":126,"column":26},"end":{"line":126,"column":null}},"44":{"start":{"line":128,"column":20},"end":{"line":137,"column":null}},"45":{"start":{"line":129,"column":25},"end":{"line":129,"column":48}},"46":{"start":{"line":130,"column":23},"end":{"line":137,"column":10}},"47":{"start":{"line":139,"column":6},"end":{"line":143,"column":null}},"48":{"start":{"line":146,"column":4},"end":{"line":152,"column":null}},"49":{"start":{"line":156,"column":4},"end":{"line":161,"column":null}},"50":{"start":{"line":156,"column":51},"end":{"line":161,"column":6}},"51":{"start":{"line":165,"column":18},"end":{"line":165,"column":null}},"52":{"start":{"line":167,"column":4},"end":{"line":170,"column":null}},"53":{"start":{"line":168,"column":6},"end":{"line":168,"column":null}},"54":{"start":{"line":169,"column":6},"end":{"line":169,"column":null}},"55":{"start":{"line":173,"column":8},"end":{"line":175,"column":null}},"56":{"start":{"line":174,"column":4},"end":{"line":174,"column":null}},"57":{"start":{"line":174,"column":44},"end":{"line":174,"column":52}},"58":{"start":{"line":177,"column":8},"end":{"line":179,"column":null}},"59":{"start":{"line":178,"column":4},"end":{"line":178,"column":null}},"60":{"start":{"line":178,"column":45},"end":{"line":178,"column":67}},"61":{"start":{"line":181,"column":8},"end":{"line":183,"column":null}},"62":{"start":{"line":182,"column":4},"end":{"line":182,"column":null}},"63":{"start":{"line":182,"column":43},"end":{"line":182,"column":64}},"64":{"start":{"line":185,"column":2},"end":{"line":189,"column":null}},"65":{"start":{"line":186,"column":4},"end":{"line":188,"column":null}},"66":{"start":{"line":187,"column":6},"end":{"line":187,"column":null}},"67":{"start":{"line":191,"column":2},"end":{"line":359,"column":null}},"68":{"start":{"line":209,"column":31},"end":{"line":209,"column":null}},"69":{"start":{"line":268,"column":20},"end":{"line":275,"column":null}},"70":{"start":{"line":272,"column":37},"end":{"line":272,"column":null}},"71":{"start":{"line":290,"column":39},"end":{"line":290,"column":null}},"72":{"start":{"line":299,"column":26},"end":{"line":329,"column":null}},"73":{"start":{"line":314,"column":36},"end":{"line":314,"column":null}},"74":{"start":{"line":321,"column":49},"end":{"line":321,"column":null}},"75":{"start":{"line":348,"column":18},"end":{"line":348,"column":null}}},"fnMap":{"0":{"name":"Result","decl":{"start":{"line":52,"column":24},"end":{"line":52,"column":33}},"loc":{"start":{"line":52,"column":33},"end":{"line":361,"column":null}},"line":52},"1":{"name":"(anonymous_1)","decl":{"start":{"line":56,"column":30},"end":{"line":56,"column":31}},"loc":{"start":{"line":56,"column":41},"end":{"line":56,"column":59}},"line":56},"2":{"name":"(anonymous_2)","decl":{"start":{"line":57,"column":30},"end":{"line":57,"column":31}},"loc":{"start":{"line":57,"column":41},"end":{"line":57,"column":53}},"line":57},"3":{"name":"(anonymous_3)","decl":{"start":{"line":58,"column":29},"end":{"line":58,"column":30}},"loc":{"start":{"line":58,"column":40},"end":{"line":58,"column":48}},"line":58},"4":{"name":"(anonymous_4)","decl":{"start":{"line":59,"column":32},"end":{"line":59,"column":33}},"loc":{"start":{"line":59,"column":43},"end":{"line":59,"column":59}},"line":59},"5":{"name":"(anonymous_5)","decl":{"start":{"line":65,"column":12},"end":{"line":65,"column":18}},"loc":{"start":{"line":65,"column":18},"end":{"line":99,"column":5}},"line":65},"6":{"name":"fetchMealPlan","decl":{"start":{"line":66,"column":19},"end":{"line":66,"column":35}},"loc":{"start":{"line":66,"column":35},"end":{"line":82,"column":null}},"line":66},"7":{"name":"(anonymous_7)","decl":{"start":{"line":101,"column":12},"end":{"line":101,"column":18}},"loc":{"start":{"line":101,"column":18},"end":{"line":109,"column":5}},"line":101},"8":{"name":"(anonymous_8)","decl":{"start":{"line":104,"column":29},"end":{"line":104,"column":35}},"loc":{"start":{"line":104,"column":35},"end":{"line":106,"column":7}},"line":104},"9":{"name":"(anonymous_9)","decl":{"start":{"line":108,"column":11},"end":{"line":108,"column":17}},"loc":{"start":{"line":108,"column":17},"end":{"line":108,"column":null}},"line":108},"10":{"name":"transformAIResponse","decl":{"start":{"line":111,"column":11},"end":{"line":111,"column":31}},"loc":{"start":{"line":111,"column":37},"end":{"line":153,"column":null}},"line":111},"11":{"name":"(anonymous_11)","decl":{"start":{"line":125,"column":38},"end":{"line":125,"column":39}},"loc":{"start":{"line":125,"column":50},"end":{"line":144,"column":5}},"line":125},"12":{"name":"(anonymous_12)","decl":{"start":{"line":129,"column":16},"end":{"line":129,"column":17}},"loc":{"start":{"line":129,"column":25},"end":{"line":129,"column":48}},"line":129},"13":{"name":"(anonymous_13)","decl":{"start":{"line":130,"column":13},"end":{"line":130,"column":14}},"loc":{"start":{"line":130,"column":23},"end":{"line":137,"column":10}},"line":130},"14":{"name":"convertIngredients","decl":{"start":{"line":155,"column":11},"end":{"line":155,"column":30}},"loc":{"start":{"line":155,"column":48},"end":{"line":162,"column":null}},"line":155},"15":{"name":"(anonymous_15)","decl":{"start":{"line":156,"column":27},"end":{"line":156,"column":28}},"loc":{"start":{"line":156,"column":51},"end":{"line":161,"column":6}},"line":156},"16":{"name":"handleAddMealIngredients","decl":{"start":{"line":164,"column":11},"end":{"line":164,"column":36}},"loc":{"start":{"line":164,"column":42},"end":{"line":171,"column":null}},"line":164},"17":{"name":"(anonymous_17)","decl":{"start":{"line":173,"column":23},"end":{"line":173,"column":29}},"loc":{"start":{"line":173,"column":29},"end":{"line":175,"column":5}},"line":173},"18":{"name":"(anonymous_18)","decl":{"start":{"line":174,"column":34},"end":{"line":174,"column":35}},"loc":{"start":{"line":174,"column":44},"end":{"line":174,"column":52}},"line":174},"19":{"name":"(anonymous_19)","decl":{"start":{"line":177,"column":34},"end":{"line":177,"column":40}},"loc":{"start":{"line":177,"column":40},"end":{"line":179,"column":5}},"line":177},"20":{"name":"(anonymous_20)","decl":{"start":{"line":178,"column":35},"end":{"line":178,"column":36}},"loc":{"start":{"line":178,"column":45},"end":{"line":178,"column":67}},"line":178},"21":{"name":"(anonymous_21)","decl":{"start":{"line":181,"column":33},"end":{"line":181,"column":39}},"loc":{"start":{"line":181,"column":39},"end":{"line":183,"column":5}},"line":181},"22":{"name":"(anonymous_22)","decl":{"start":{"line":182,"column":28},"end":{"line":182,"column":29}},"loc":{"start":{"line":182,"column":43},"end":{"line":182,"column":64}},"line":182},"23":{"name":"(anonymous_23)","decl":{"start":{"line":185,"column":12},"end":{"line":185,"column":18}},"loc":{"start":{"line":185,"column":18},"end":{"line":189,"column":5}},"line":185},"24":{"name":"(anonymous_24)","decl":{"start":{"line":209,"column":25},"end":{"line":209,"column":31}},"loc":{"start":{"line":209,"column":31},"end":{"line":209,"column":null}},"line":209},"25":{"name":"(anonymous_25)","decl":{"start":{"line":267,"column":28},"end":{"line":267,"column":29}},"loc":{"start":{"line":268,"column":20},"end":{"line":275,"column":null}},"line":268},"26":{"name":"(anonymous_26)","decl":{"start":{"line":272,"column":31},"end":{"line":272,"column":37}},"loc":{"start":{"line":272,"column":37},"end":{"line":272,"column":null}},"line":272},"27":{"name":"(anonymous_27)","decl":{"start":{"line":290,"column":33},"end":{"line":290,"column":39}},"loc":{"start":{"line":290,"column":39},"end":{"line":290,"column":null}},"line":290},"28":{"name":"(anonymous_28)","decl":{"start":{"line":298,"column":50},"end":{"line":298,"column":51}},"loc":{"start":{"line":299,"column":26},"end":{"line":329,"column":null}},"line":299},"29":{"name":"(anonymous_29)","decl":{"start":{"line":313,"column":56},"end":{"line":313,"column":57}},"loc":{"start":{"line":314,"column":36},"end":{"line":314,"column":null}},"line":314},"30":{"name":"(anonymous_30)","decl":{"start":{"line":321,"column":43},"end":{"line":321,"column":49}},"loc":{"start":{"line":321,"column":49},"end":{"line":321,"column":null}},"line":321},"31":{"name":"(anonymous_31)","decl":{"start":{"line":347,"column":33},"end":{"line":347,"column":34}},"loc":{"start":{"line":348,"column":18},"end":{"line":348,"column":null}},"line":348}},"branchMap":{"0":{"loc":{"start":{"line":85,"column":6},"end":{"line":89,"column":null}},"type":"binary-expr","locations":[{"start":{"line":85,"column":6},"end":{"line":85,"column":null}},{"start":{"line":86,"column":6},"end":{"line":86,"column":null}},{"start":{"line":87,"column":6},"end":{"line":87,"column":null}},{"start":{"line":88,"column":6},"end":{"line":88,"column":null}},{"start":{"line":89,"column":6},"end":{"line":89,"column":null}}],"line":85},"1":{"loc":{"start":{"line":91,"column":4},"end":{"line":94,"column":null}},"type":"if","locations":[{"start":{"line":91,"column":4},"end":{"line":94,"column":null}},{"start":{},"end":{}}],"line":91},"2":{"loc":{"start":{"line":96,"column":4},"end":{"line":98,"column":null}},"type":"if","locations":[{"start":{"line":96,"column":4},"end":{"line":98,"column":null}},{"start":{},"end":{}}],"line":96},"3":{"loc":{"start":{"line":96,"column":8},"end":{"line":96,"column":62}},"type":"binary-expr","locations":[{"start":{"line":96,"column":8},"end":{"line":96,"column":30}},{"start":{"line":96,"column":30},"end":{"line":96,"column":62}}],"line":96},"4":{"loc":{"start":{"line":102,"column":4},"end":{"line":102,"column":null}},"type":"if","locations":[{"start":{"line":102,"column":4},"end":{"line":102,"column":null}},{"start":{},"end":{}}],"line":102},"5":{"loc":{"start":{"line":112,"column":23},"end":{"line":112,"column":null}},"type":"cond-expr","locations":[{"start":{"line":112,"column":51},"end":{"line":112,"column":63}},{"start":{"line":112,"column":63},"end":{"line":112,"column":null}}],"line":112},"6":{"loc":{"start":{"line":114,"column":4},"end":{"line":121,"column":null}},"type":"if","locations":[{"start":{"line":114,"column":4},"end":{"line":121,"column":null}},{"start":{},"end":{}}],"line":114},"7":{"loc":{"start":{"line":118,"column":14},"end":{"line":118,"column":null}},"type":"cond-expr","locations":[{"start":{"line":118,"column":42},"end":{"line":118,"column":54}},{"start":{"line":118,"column":54},"end":{"line":118,"column":null}}],"line":118},"8":{"loc":{"start":{"line":119,"column":21},"end":{"line":119,"column":null}},"type":"cond-expr","locations":[{"start":{"line":119,"column":56},"end":{"line":119,"column":75}},{"start":{"line":119,"column":75},"end":{"line":119,"column":null}}],"line":119},"9":{"loc":{"start":{"line":126,"column":26},"end":{"line":126,"column":null}},"type":"binary-expr","locations":[{"start":{"line":126,"column":26},"end":{"line":126,"column":43}},{"start":{"line":126,"column":43},"end":{"line":126,"column":null}}],"line":126},"10":{"loc":{"start":{"line":132,"column":17},"end":{"line":132,"column":null}},"type":"binary-expr","locations":[{"start":{"line":132,"column":17},"end":{"line":132,"column":44}},{"start":{"line":132,"column":44},"end":{"line":132,"column":null}}],"line":132},"11":{"loc":{"start":{"line":133,"column":20},"end":{"line":133,"column":null}},"type":"binary-expr","locations":[{"start":{"line":133,"column":20},"end":{"line":133,"column":50}},{"start":{"line":133,"column":50},"end":{"line":133,"column":null}}],"line":133},"12":{"loc":{"start":{"line":134,"column":23},"end":{"line":136,"column":null}},"type":"cond-expr","locations":[{"start":{"line":135,"column":14},"end":{"line":135,"column":null}},{"start":{"line":136,"column":14},"end":{"line":136,"column":null}}],"line":134},"13":{"loc":{"start":{"line":140,"column":13},"end":{"line":140,"column":null}},"type":"binary-expr","locations":[{"start":{"line":140,"column":13},"end":{"line":140,"column":27}},{"start":{"line":140,"column":27},"end":{"line":140,"column":null}}],"line":140},"14":{"loc":{"start":{"line":141,"column":23},"end":{"line":141,"column":null}},"type":"binary-expr","locations":[{"start":{"line":141,"column":23},"end":{"line":141,"column":47}},{"start":{"line":141,"column":47},"end":{"line":141,"column":null}}],"line":141},"15":{"loc":{"start":{"line":150,"column":12},"end":{"line":150,"column":null}},"type":"cond-expr","locations":[{"start":{"line":150,"column":40},"end":{"line":150,"column":52}},{"start":{"line":150,"column":52},"end":{"line":150,"column":null}}],"line":150},"16":{"loc":{"start":{"line":151,"column":19},"end":{"line":151,"column":null}},"type":"cond-expr","locations":[{"start":{"line":151,"column":54},"end":{"line":151,"column":73}},{"start":{"line":151,"column":73},"end":{"line":151,"column":null}}],"line":151},"17":{"loc":{"start":{"line":155,"column":30},"end":{"line":155,"column":48}},"type":"default-arg","locations":[{"start":{"line":155,"column":44},"end":{"line":155,"column":48}}],"line":155},"18":{"loc":{"start":{"line":165,"column":37},"end":{"line":165,"column":59}},"type":"binary-expr","locations":[{"start":{"line":165,"column":37},"end":{"line":165,"column":57}},{"start":{"line":165,"column":57},"end":{"line":165,"column":59}}],"line":165},"19":{"loc":{"start":{"line":167,"column":4},"end":{"line":170,"column":null}},"type":"if","locations":[{"start":{"line":167,"column":4},"end":{"line":170,"column":null}},{"start":{},"end":{}}],"line":167},"20":{"loc":{"start":{"line":174,"column":11},"end":{"line":174,"column":null}},"type":"binary-expr","locations":[{"start":{"line":174,"column":11},"end":{"line":174,"column":57}},{"start":{"line":174,"column":57},"end":{"line":174,"column":null}}],"line":174},"21":{"loc":{"start":{"line":178,"column":11},"end":{"line":178,"column":null}},"type":"binary-expr","locations":[{"start":{"line":178,"column":11},"end":{"line":178,"column":72}},{"start":{"line":178,"column":72},"end":{"line":178,"column":null}}],"line":178},"22":{"loc":{"start":{"line":186,"column":4},"end":{"line":188,"column":null}},"type":"if","locations":[{"start":{"line":186,"column":4},"end":{"line":188,"column":null}},{"start":{},"end":{}}],"line":186},"23":{"loc":{"start":{"line":186,"column":8},"end":{"line":186,"column":54}},"type":"binary-expr","locations":[{"start":{"line":186,"column":8},"end":{"line":186,"column":27}},{"start":{"line":186,"column":27},"end":{"line":186,"column":54}}],"line":186},"24":{"loc":{"start":{"line":219,"column":18},"end":{"line":219,"column":37}},"type":"binary-expr","locations":[{"start":{"line":219,"column":18},"end":{"line":219,"column":33}},{"start":{"line":219,"column":33},"end":{"line":219,"column":37}}],"line":219},"25":{"loc":{"start":{"line":220,"column":21},"end":{"line":220,"column":58}},"type":"binary-expr","locations":[{"start":{"line":220,"column":21},"end":{"line":220,"column":44}},{"start":{"line":220,"column":44},"end":{"line":220,"column":58}}],"line":220},"26":{"loc":{"start":{"line":225,"column":18},"end":{"line":225,"column":42}},"type":"binary-expr","locations":[{"start":{"line":225,"column":18},"end":{"line":225,"column":38}},{"start":{"line":225,"column":38},"end":{"line":225,"column":42}}],"line":225},"27":{"loc":{"start":{"line":231,"column":18},"end":{"line":231,"column":49}},"type":"binary-expr","locations":[{"start":{"line":231,"column":18},"end":{"line":231,"column":45}},{"start":{"line":231,"column":45},"end":{"line":231,"column":49}}],"line":231},"28":{"loc":{"start":{"line":236,"column":18},"end":{"line":236,"column":47}},"type":"binary-expr","locations":[{"start":{"line":236,"column":18},"end":{"line":236,"column":43}},{"start":{"line":236,"column":43},"end":{"line":236,"column":47}}],"line":236},"29":{"loc":{"start":{"line":241,"column":18},"end":{"line":241,"column":46}},"type":"binary-expr","locations":[{"start":{"line":241,"column":18},"end":{"line":241,"column":42}},{"start":{"line":241,"column":42},"end":{"line":241,"column":46}}],"line":241},"30":{"loc":{"start":{"line":247,"column":13},"end":{"line":250,"column":null}},"type":"cond-expr","locations":[{"start":{"line":248,"column":14},"end":{"line":248,"column":null}},{"start":{"line":250,"column":14},"end":{"line":250,"column":null}}],"line":247},"31":{"loc":{"start":{"line":250,"column":18},"end":{"line":250,"column":72}},"type":"binary-expr","locations":[{"start":{"line":250,"column":18},"end":{"line":250,"column":36}},{"start":{"line":250,"column":36},"end":{"line":250,"column":72}}],"line":250},"32":{"loc":{"start":{"line":254,"column":11},"end":{"line":254,"column":null}},"type":"cond-expr","locations":[{"start":{"line":254,"column":25},"end":{"line":254,"column":75}},{"start":{"line":254,"column":75},"end":{"line":254,"column":null}}],"line":254},"33":{"loc":{"start":{"line":264,"column":13},"end":{"line":339,"column":null}},"type":"cond-expr","locations":[{"start":{"line":265,"column":14},"end":{"line":337,"column":null}},{"start":{"line":339,"column":14},"end":{"line":339,"column":null}}],"line":264},"34":{"loc":{"start":{"line":271,"column":44},"end":{"line":271,"column":77}},"type":"cond-expr","locations":[{"start":{"line":271,"column":64},"end":{"line":271,"column":75}},{"start":{"line":271,"column":75},"end":{"line":271,"column":77}}],"line":271},"35":{"loc":{"start":{"line":279,"column":17},"end":{"line":336,"column":null}},"type":"cond-expr","locations":[{"start":{"line":280,"column":18},"end":{"line":335,"column":null}},{"start":{"line":336,"column":20},"end":{"line":336,"column":null}}],"line":279},"36":{"loc":{"start":{"line":297,"column":23},"end":{"line":332,"column":null}},"type":"cond-expr","locations":[{"start":{"line":298,"column":24},"end":{"line":330,"column":null}},{"start":{"line":332,"column":24},"end":{"line":332,"column":null}}],"line":297},"37":{"loc":{"start":{"line":303,"column":33},"end":{"line":303,"column":54}},"type":"binary-expr","locations":[{"start":{"line":303,"column":33},"end":{"line":303,"column":50}},{"start":{"line":303,"column":50},"end":{"line":303,"column":54}}],"line":303},"38":{"loc":{"start":{"line":309,"column":29},"end":{"line":327,"column":null}},"type":"cond-expr","locations":[{"start":{"line":310,"column":30},"end":{"line":325,"column":null}},{"start":{"line":327,"column":30},"end":{"line":327,"column":null}}],"line":309},"39":{"loc":{"start":{"line":345,"column":13},"end":{"line":352,"column":null}},"type":"cond-expr","locations":[{"start":{"line":346,"column":14},"end":{"line":350,"column":null}},{"start":{"line":352,"column":14},"end":{"line":352,"column":null}}],"line":345},"40":{"loc":{"start":{"line":356,"column":11},"end":{"line":356,"column":null}},"type":"cond-expr","locations":[{"start":{"line":356,"column":19},"end":{"line":356,"column":54}},{"start":{"line":356,"column":54},"end":{"line":356,"column":null}}],"line":356}},"s":{"0":1,"1":37,"2":37,"3":37,"4":77,"5":37,"6":77,"7":37,"8":77,"9":37,"10":77,"11":37,"12":37,"13":37,"14":37,"15":4,"16":4,"17":4,"18":4,"19":3,"20":3,"21":1,"22":1,"23":1,"24":4,"25":28,"26":28,"27":1,"28":1,"29":27,"30":4,"31":37,"32":29,"33":28,"34":1,"35":0,"36":1,"37":1,"38":3,"39":3,"40":3,"41":0,"42":0,"43":0,"44":0,"45":0,"46":0,"47":0,"48":0,"49":1,"50":3,"51":1,"52":1,"53":1,"54":1,"55":37,"56":32,"57":45,"58":37,"59":33,"60":26,"61":37,"62":29,"63":3,"64":37,"65":33,"66":0,"67":37,"68":0,"69":49,"70":1,"71":0,"72":50,"73":150,"74":1,"75":57},"f":{"0":37,"1":77,"2":77,"3":77,"4":77,"5":28,"6":4,"7":29,"8":0,"9":1,"10":3,"11":0,"12":0,"13":0,"14":1,"15":3,"16":1,"17":32,"18":45,"19":33,"20":26,"21":29,"22":3,"23":33,"24":0,"25":49,"26":1,"27":0,"28":50,"29":150,"30":1,"31":57},"b":{"0":[28,28,27,27,27],"1":[1,27],"2":[4,23],"3":[27,27],"4":[28,1],"5":[3,0],"6":[3,0],"7":[3,0],"8":[3,0],"9":[0,0],"10":[0,0],"11":[0,0],"12":[0,0],"13":[0,0],"14":[0,0],"15":[0,0],"16":[0,0],"17":[1],"18":[1,0],"19":[1,0],"20":[32,0],"21":[33,8],"22":[0,33],"23":[33,25],"24":[37,0],"25":[37,0],"26":[37,0],"27":[37,0],"28":[37,0],"29":[37,0],"30":[4,33],"31":[33,3],"32":[1,36],"33":[26,11],"34":[26,23],"35":[26,0],"36":[25,1],"37":[50,0],"38":[49,1],"39":[28,9],"40":[1,36]},"meta":{"lastBranch":41,"lastFunction":32,"lastStatement":76,"seen":{"s:9:25:50:Infinity":0,"f:52:24:52:33":0,"s:53:8:53:Infinity":1,"s:54:8:54:Infinity":2,"s:56:8:56:Infinity":3,"f:56:30:56:31":1,"s:56:41:56:59":4,"s:57:8:57:Infinity":5,"f:57:30:57:31":2,"s:57:41:57:53":6,"s:58:8:58:Infinity":7,"f:58:29:58:30":3,"s:58:40:58:48":8,"s:59:8:59:Infinity":9,"f:59:32:59:33":4,"s:59:43:59:59":10,"s:61:24:61:Infinity":11,"s:62:32:62:Infinity":12,"s:63:36:63:Infinity":13,"s:65:2:99:Infinity":14,"f:65:12:65:18":5,"f:66:19:66:35":6,"s:67:6:81:Infinity":15,"s:68:8:68:Infinity":16,"s:69:8:69:Infinity":17,"s:71:27:71:Infinity":18,"s:72:28:72:Infinity":19,"s:74:8:74:Infinity":20,"s:76:8:76:Infinity":21,"s:77:8:77:Infinity":22,"s:78:8:78:Infinity":23,"s:80:8:80:Infinity":24,"s:85:6:89:Infinity":25,"b:85:6:85:Infinity:86:6:86:Infinity:87:6:87:Infinity:88:6:88:Infinity:89:6:89:Infinity":0,"b:91:4:94:Infinity:undefined:undefined:undefined:undefined":1,"s:91:4:94:Infinity":26,"s:92:6:92:Infinity":27,"s:93:6:93:Infinity":28,"b:96:4:98:Infinity:undefined:undefined:undefined:undefined":2,"s:96:4:98:Infinity":29,"b:96:8:96:30:96:30:96:62":3,"s:97:6:97:Infinity":30,"s:101:2:109:Infinity":31,"f:101:12:101:18":7,"b:102:4:102:Infinity:undefined:undefined:undefined:undefined":4,"s:102:4:102:Infinity":32,"s:102:22:102:Infinity":33,"s:104:18:106:Infinity":34,"f:104:29:104:35":8,"s:105:6:105:Infinity":35,"s:108:4:108:Infinity":36,"f:108:11:108:17":9,"s:108:17:108:Infinity":37,"f:111:11:111:31":10,"s:112:23:112:Infinity":38,"b:112:51:112:63:112:63:112:Infinity":5,"b:114:4:121:Infinity:undefined:undefined:undefined:undefined":6,"s:114:4:121:Infinity":39,"s:115:6:120:Infinity":40,"b:118:42:118:54:118:54:118:Infinity":7,"b:119:56:119:75:119:75:119:Infinity":8,"s:123:22:123:Infinity":41,"s:125:23:144:Infinity":42,"f:125:38:125:39":11,"s:126:26:126:Infinity":43,"b:126:26:126:43:126:43:126:Infinity":9,"s:128:20:137:Infinity":44,"f:129:16:129:17":12,"s:129:25:129:48":45,"f:130:13:130:14":13,"s:130:23:137:10":46,"b:132:17:132:44:132:44:132:Infinity":10,"b:133:20:133:50:133:50:133:Infinity":11,"b:135:14:135:Infinity:136:14:136:Infinity":12,"s:139:6:143:Infinity":47,"b:140:13:140:27:140:27:140:Infinity":13,"b:141:23:141:47:141:47:141:Infinity":14,"s:146:4:152:Infinity":48,"b:150:40:150:52:150:52:150:Infinity":15,"b:151:54:151:73:151:73:151:Infinity":16,"f:155:11:155:30":14,"b:155:44:155:48":17,"s:156:4:161:Infinity":49,"f:156:27:156:28":15,"s:156:51:161:6":50,"f:164:11:164:36":16,"s:165:18:165:Infinity":51,"b:165:37:165:57:165:57:165:59":18,"b:167:4:170:Infinity:undefined:undefined:undefined:undefined":19,"s:167:4:170:Infinity":52,"s:168:6:168:Infinity":53,"s:169:6:169:Infinity":54,"s:173:8:175:Infinity":55,"f:173:23:173:29":17,"s:174:4:174:Infinity":56,"b:174:11:174:57:174:57:174:Infinity":20,"f:174:34:174:35":18,"s:174:44:174:52":57,"s:177:8:179:Infinity":58,"f:177:34:177:40":19,"s:178:4:178:Infinity":59,"b:178:11:178:72:178:72:178:Infinity":21,"f:178:35:178:36":20,"s:178:45:178:67":60,"s:181:8:183:Infinity":61,"f:181:33:181:39":21,"s:182:4:182:Infinity":62,"f:182:28:182:29":22,"s:182:43:182:64":63,"s:185:2:189:Infinity":64,"f:185:12:185:18":23,"b:186:4:188:Infinity:undefined:undefined:undefined:undefined":22,"s:186:4:188:Infinity":65,"b:186:8:186:27:186:27:186:54":23,"s:187:6:187:Infinity":66,"s:191:2:359:Infinity":67,"f:209:25:209:31":24,"s:209:31:209:Infinity":68,"b:219:18:219:33:219:33:219:37":24,"b:220:21:220:44:220:44:220:58":25,"b:225:18:225:38:225:38:225:42":26,"b:231:18:231:45:231:45:231:49":27,"b:236:18:236:43:236:43:236:47":28,"b:241:18:241:42:241:42:241:46":29,"b:248:14:248:Infinity:250:14:250:Infinity":30,"b:250:18:250:36:250:36:250:72":31,"b:254:25:254:75:254:75:254:Infinity":32,"b:265:14:337:Infinity:339:14:339:Infinity":33,"f:267:28:267:29":25,"s:268:20:275:Infinity":69,"b:271:64:271:75:271:75:271:77":34,"f:272:31:272:37":26,"s:272:37:272:Infinity":70,"b:280:18:335:Infinity:336:20:336:Infinity":35,"f:290:33:290:39":27,"s:290:39:290:Infinity":71,"b:298:24:330:Infinity:332:24:332:Infinity":36,"f:298:50:298:51":28,"s:299:26:329:Infinity":72,"b:303:33:303:50:303:50:303:54":37,"b:310:30:325:Infinity:327:30:327:Infinity":38,"f:313:56:313:57":29,"s:314:36:314:Infinity":73,"f:321:43:321:49":30,"s:321:49:321:Infinity":74,"b:346:14:350:Infinity:352:14:352:Infinity":39,"f:347:33:347:34":31,"s:348:18:348:Infinity":75,"b:356:19:356:54:356:54:356:Infinity":40}}}
,"/Users/chiranth/Documents/Usability Testing/project/Dietify/dietify-frontend/src/pages/UserInput.jsx": {"path":"/Users/chiranth/Documents/Usability Testing/project/Dietify/dietify-frontend/src/pages/UserInput.jsx","statementMap":{"0":{"start":{"line":18,"column":24},"end":{"line":31,"column":null}},"1":{"start":{"line":34,"column":8},"end":{"line":34,"column":null}},"2":{"start":{"line":35,"column":8},"end":{"line":35,"column":null}},"3":{"start":{"line":36,"column":22},"end":{"line":36,"column":null}},"4":{"start":{"line":38,"column":36},"end":{"line":38,"column":null}},"5":{"start":{"line":39,"column":28},"end":{"line":39,"column":null}},"6":{"start":{"line":40,"column":24},"end":{"line":40,"column":null}},"7":{"start":{"line":41,"column":54},"end":{"line":41,"column":null}},"8":{"start":{"line":42,"column":56},"end":{"line":42,"column":null}},"9":{"start":{"line":44,"column":26},"end":{"line":44,"column":null}},"10":{"start":{"line":46,"column":8},"end":{"line":49,"column":null}},"11":{"start":{"line":47,"column":4},"end":{"line":47,"column":null}},"12":{"start":{"line":47,"column":29},"end":{"line":47,"column":null}},"13":{"start":{"line":48,"column":4},"end":{"line":48,"column":null}},"14":{"start":{"line":51,"column":8},"end":{"line":53,"column":null}},"15":{"start":{"line":52,"column":4},"end":{"line":52,"column":null}},"16":{"start":{"line":55,"column":28},"end":{"line":67,"column":null}},"17":{"start":{"line":56,"column":4},"end":{"line":66,"column":null}},"18":{"start":{"line":57,"column":28},"end":{"line":57,"column":45}},"19":{"start":{"line":59,"column":22},"end":{"line":59,"column":null}},"20":{"start":{"line":61,"column":8},"end":{"line":63,"column":null}},"21":{"start":{"line":62,"column":10},"end":{"line":62,"column":null}},"22":{"start":{"line":65,"column":8},"end":{"line":65,"column":null}},"23":{"start":{"line":69,"column":2},"end":{"line":91,"column":null}},"24":{"start":{"line":70,"column":4},"end":{"line":70,"column":null}},"25":{"start":{"line":70,"column":21},"end":{"line":70,"column":null}},"26":{"start":{"line":72,"column":4},"end":{"line":90,"column":null}},"27":{"start":{"line":73,"column":30},"end":{"line":73,"column":null}},"28":{"start":{"line":75,"column":6},"end":{"line":75,"column":null}},"29":{"start":{"line":75,"column":28},"end":{"line":75,"column":null}},"30":{"start":{"line":77,"column":27},"end":{"line":77,"column":null}},"31":{"start":{"line":78,"column":28},"end":{"line":81,"column":null}},"32":{"start":{"line":83,"column":6},"end":{"line":83,"column":null}},"33":{"start":{"line":85,"column":6},"end":{"line":87,"column":null}},"34":{"start":{"line":86,"column":8},"end":{"line":86,"column":null}},"35":{"start":{"line":89,"column":6},"end":{"line":89,"column":null}},"36":{"start":{"line":93,"column":29},"end":{"line":101,"column":null}},"37":{"start":{"line":94,"column":4},"end":{"line":94,"column":null}},"38":{"start":{"line":94,"column":21},"end":{"line":94,"column":null}},"39":{"start":{"line":96,"column":4},"end":{"line":100,"column":null}},"40":{"start":{"line":97,"column":6},"end":{"line":97,"column":null}},"41":{"start":{"line":99,"column":6},"end":{"line":99,"column":null}},"42":{"start":{"line":103,"column":34},"end":{"line":112,"column":null}},"43":{"start":{"line":104,"column":22},"end":{"line":104,"column":null}},"44":{"start":{"line":106,"column":4},"end":{"line":109,"column":null}},"45":{"start":{"line":106,"column":30},"end":{"line":109,"column":6}},"46":{"start":{"line":111,"column":4},"end":{"line":111,"column":null}},"47":{"start":{"line":114,"column":34},"end":{"line":138,"column":null}},"48":{"start":{"line":115,"column":4},"end":{"line":135,"column":null}},"49":{"start":{"line":116,"column":29},"end":{"line":116,"column":null}},"50":{"start":{"line":118,"column":6},"end":{"line":124,"column":null}},"51":{"start":{"line":119,"column":32},"end":{"line":119,"column":null}},"52":{"start":{"line":120,"column":8},"end":{"line":123,"column":null}},"53":{"start":{"line":126,"column":26},"end":{"line":126,"column":null}},"54":{"start":{"line":126,"column":58},"end":{"line":126,"column":73}},"55":{"start":{"line":127,"column":28},"end":{"line":129,"column":null}},"56":{"start":{"line":128,"column":39},"end":{"line":128,"column":54}},"57":{"start":{"line":131,"column":6},"end":{"line":134,"column":null}},"58":{"start":{"line":137,"column":4},"end":{"line":137,"column":null}},"59":{"start":{"line":140,"column":30},"end":{"line":200,"column":null}},"60":{"start":{"line":141,"column":18},"end":{"line":141,"column":null}},"61":{"start":{"line":143,"column":4},"end":{"line":156,"column":null}},"62":{"start":{"line":144,"column":6},"end":{"line":147,"column":null}},"63":{"start":{"line":145,"column":8},"end":{"line":145,"column":null}},"64":{"start":{"line":146,"column":8},"end":{"line":146,"column":null}},"65":{"start":{"line":149,"column":6},"end":{"line":155,"column":null}},"66":{"start":{"line":153,"column":8},"end":{"line":153,"column":null}},"67":{"start":{"line":154,"column":8},"end":{"line":154,"column":null}},"68":{"start":{"line":158,"column":4},"end":{"line":164,"column":null}},"69":{"start":{"line":159,"column":18},"end":{"line":159,"column":null}},"70":{"start":{"line":160,"column":6},"end":{"line":163,"column":null}},"71":{"start":{"line":161,"column":8},"end":{"line":161,"column":null}},"72":{"start":{"line":162,"column":8},"end":{"line":162,"column":null}},"73":{"start":{"line":166,"column":4},"end":{"line":172,"column":null}},"74":{"start":{"line":167,"column":21},"end":{"line":167,"column":null}},"75":{"start":{"line":168,"column":6},"end":{"line":171,"column":null}},"76":{"start":{"line":169,"column":8},"end":{"line":169,"column":null}},"77":{"start":{"line":170,"column":8},"end":{"line":170,"column":null}},"78":{"start":{"line":174,"column":4},"end":{"line":180,"column":null}},"79":{"start":{"line":175,"column":21},"end":{"line":175,"column":null}},"80":{"start":{"line":176,"column":6},"end":{"line":179,"column":null}},"81":{"start":{"line":177,"column":8},"end":{"line":177,"column":null}},"82":{"start":{"line":178,"column":8},"end":{"line":178,"column":null}},"83":{"start":{"line":182,"column":4},"end":{"line":188,"column":null}},"84":{"start":{"line":183,"column":27},"end":{"line":183,"column":null}},"85":{"start":{"line":184,"column":6},"end":{"line":187,"column":null}},"86":{"start":{"line":185,"column":8},"end":{"line":185,"column":null}},"87":{"start":{"line
[...]
:{"line":7,"column":34},"end":{"line":9,"column":null}},"line":7},"1":{"name":"(anonymous_1)","decl":{"start":{"line":15,"column":4},"end":{"line":15,"column":13}},"loc":{"start":{"line":15,"column":29},"end":{"line":36,"column":5}},"line":15},"2":{"name":"(anonymous_2)","decl":{"start":{"line":20,"column":28},"end":{"line":20,"column":29}},"loc":{"start":{"line":20,"column":38},"end":{"line":35,"column":7}},"line":20},"3":{"name":"(anonymous_3)","decl":{"start":{"line":22,"column":10},"end":{"line":22,"column":11}},"loc":{"start":{"line":22,"column":24},"end":{"line":22,"column":null}},"line":22},"4":{"name":"(anonymous_4)","decl":{"start":{"line":38,"column":4},"end":{"line":38,"column":18}},"loc":{"start":{"line":38,"column":34},"end":{"line":40,"column":5}},"line":38},"5":{"name":"(anonymous_5)","decl":{"start":{"line":39,"column":39},"end":{"line":39,"column":40}},"loc":{"start":{"line":39,"column":49},"end":{"line":39,"column":75}},"line":39},"6":{"name":"(anonymous_6)","decl":{"start":{"line":42,"column":4},"end":{"line":42,"column":20}},"loc":{"start":{"line":42,"column":36},"end":{"line":45,"column":5}},"line":42},"7":{"name":"(anonymous_7)","decl":{"start":{"line":43,"column":36},"end":{"line":43,"column":37}},"loc":{"start":{"line":43,"column":43},"end":{"line":43,"column":66}},"line":43},"8":{"name":"(anonymous_8)","decl":{"start":{"line":47,"column":4},"end":{"line":47,"column":20}},"loc":{"start":{"line":47,"column":36},"end":{"line":56,"column":5}},"line":47},"9":{"name":"(anonymous_9)","decl":{"start":{"line":48,"column":36},"end":{"line":48,"column":37}},"loc":{"start":{"line":48,"column":43},"end":{"line":48,"column":66}},"line":48},"10":{"name":"(anonymous_10)","decl":{"start":{"line":54,"column":41},"end":{"line":54,"column":42}},"loc":{"start":{"line":54,"column":48},"end":{"line":54,"column":71}},"line":54},"11":{"name":"(anonymous_11)","decl":{"start":{"line":58,"column":4},"end":{"line":58,"column":13}},"loc":{"start":{"line":58,"column":21},"end":{"line":60,"column":5}},"line":58}},"branchMap":{"0":{"loc":{"start":{"line":7,"column":23},"end":{"line":7,"column":32}},"type":"default-arg","locations":[{"start":{"line":7,"column":30},"end":{"line":7,"column":32}}],"line":7},"1":{"loc":{"start":{"line":16,"column":28},"end":{"line":18,"column":26}},"type":"cond-expr","locations":[{"start":{"line":17,"column":10},"end":{"line":17,"column":null}},{"start":{"line":18,"column":10},"end":{"line":18,"column":26}}],"line":16},"2":{"loc":{"start":{"line":25,"column":8},"end":{"line":34,"column":null}},"type":"if","locations":[{"start":{"line":25,"column":8},"end":{"line":34,"column":null}},{"start":{"line":27,"column":15},"end":{"line":34,"column":null}}],"line":25},"3":{"loc":{"start":{"line":26,"column":31},"end":{"line":26,"column":49}},"type":"binary-expr","locations":[{"start":{"line":26,"column":31},"end":{"line":26,"column":44}},{"start":{"line":26,"column":48},"end":{"line":26,"column":49}}],"line":26},"4":{"loc":{"start":{"line":29,"column":16},"end":{"line":29,"column":72}},"type":"binary-expr","locations":[{"start":{"line":29,"column":16},"end":{"line":29,"column":23}},{"start":{"line":29,"column":27},"end":{"line":29,"column":72}}],"line":29},"5":{"loc":{"start":{"line":31,"column":22},"end":{"line":31,"column":40}},"type":"binary-expr","locations":[{"start":{"line":31,"column":22},"end":{"line":31,"column":35}},{"start":{"line":31,"column":39},"end":{"line":31,"column":40}}],"line":31},"6":{"loc":{"start":{"line":32,"column":18},"end":{"line":32,"column":37}},"type":"binary-expr","locations":[{"start":{"line":32,"column":18},"end":{"line":32,"column":27}},{"start":{"line":32,"column":31},"end":{"line":32,"column":37}}],"line":32},"7":{"loc":{"start":{"line":44,"column":6},"end":{"line":44,"column":null}},"type":"if","locations":[{"start":{"line":44,"column":6},"end":{"line":44,"column":null}},{"start":{},"end":{}}],"line":44},"8":{"loc":{"start":{"line":49,"column":6},"end":{"line":49,"column":null}},"type":"if","locations":[{"start":{"line":49,"column":6},"end":{"line":49,"column":null}},{"start":{},"end":{}}],"line":49},"9":{"loc":{"start":{"line":51,"column":6},"end":{"line":55,"column":null}},"type":"if","locations":[{"start":{"line":51,"column":6},"end":{"line":55,"column":null}},{"start":{"line":53,"column":13},"end":{"line":55,"column":null}}],"line":51}},"s":{"0":3,"1":6,"2":3,"3":1,"4":1,"5":3,"6":3,"7":3,"8":0,"9":3,"10":0,"11":0,"12":0,"13":0,"14":0,"15":0,"16":0,"17":0,"18":0,"19":0,"20":0,"21":0,"22":0,"23":0,"24":1,"25":3},"f":{"0":6,"1":1,"2":3,"3":3,"4":0,"5":0,"6":0,"7":0,"8":0,"9":0,"10":0,"11":1},"b":{"0":[6],"1":[1,0],"2":[0,3],"3":[0,0],"4":[3,0],"5":[3,0],"6":[3,0],"7":[0,0],"8":[0,0],"9":[0,0]},"meta":{"lastBranch":10,"lastFunction":12,"lastStatement":26,"seen":{"s:3:21:5:1":0,"f:7:9:7:22":0,"b:7:30:7:32":0,"s:8:2:8:Infinity":1,"s:11:17:62:2":2,"f:15:4:15:13":1,"s:16:28:18:26":3,"b:17:10:17:Infinity:18:10:18:26":1,"s:20:6:35:Infinity":4,"f:20:28:20:29":2,"s:21:25:23:9":5,"f:22:10:22:11":3,"s:22:24:22:Infinity":6,"b:25:8:34:Infinity:27:15:34:Infinity":2,"s:25:8:34:Infinity":7,"s:26:10:26:Infinity":8,"b:26:31:26:44:26:48:26:49":3,"s:28:10:33:Infinity":9,"b:29:16:29:23:29:27:29:72":4,"b:31:22:31:35:31:39:31:40":5,"b:32:18:32:27:32:31:32:37":6,"f:38:4:38:18":4,"s:39:6:39:Infinity":10,"f:39:39:39:40":5,"s:39:49:39:75":11,"f:42:4:42:20":6,"s:43:19:43:67":12,"f:43:36:43:37":7,"s:43:43:43:66":13,"b:44:6:44:Infinity:undefined:undefined:undefined:undefined":7,"s:44:6:44:Infinity":14,"s:44:16:44:Infinity":15,"f:47:4:47:20":8,"s:48:19:48:67":16,"f:48:36:48:37":9,"s:48:43:48:66":17,"b:49:6:49:Infinity:undefined:undefined:undefined:undefined":8,"s:49:6:49:Infinity":18,"s:49:17:49:Infinity":19,"b:51:6:55:Infinity:53:13:55:Infinity":9,"s:51:6:55:Infinity":20,"s:52:8:52:Infinity":21,"s:54:8:54:Infinity":22,"f:54:41:54:42":10,"s:54:48:54:71":23,"f:58:4:58:13":11,"s:59:6:59:Infinity":24,"s:70:4:70:21":25}}}
,"/Users/chiranth/Documents/Usability Testing/project/Dietify/dietify-frontend/src/store/slices/resultSlice.js": {"path":"/Users/chiranth/Documents/Usability Testing/project/Dietify/dietify-frontend/src/store/slices/resultSlice.js","statementMap":{"0":{"start":{"line":3,"column":21},"end":{"line":12,"column":1}},"1":{"start":{"line":14,"column":19},"end":{"line":33,"column":2}},"2":{"start":{"line":21,"column":6},"end":{"line":21,"column":null}},"3":{"start":{"line":22,"column":6},"end":{"line":22,"column":null}},"4":{"start":{"line":23,"column":6},"end":{"line":23,"column":null}},"5":{"start":{"line":24,"column":6},"end":{"line":24,"column":null}},"6":{"start":{"line":29,"column":6},"end":{"line":29,"column":null}},"7":{"start":{"line":35,"column":44},"end":{"line":35,"column":63}}},"fnMap":{"0":{"name":"(anonymous_0)","decl":{"start":{"line":20,"column":4},"end":{"line":20,"column":14}},"loc":{"start":{"line":20,"column":30},"end":{"line":25,"column":5}},"line":20},"1":{"name":"(anonymous_1)","decl":{"start":{"line":28,"column":4},"end":{"line":28,"column":16}},"loc":{"start":{"line":28,"column":19},"end":{"line":30,"column":null}},"line":28}},"branchMap":{},"s":{"0":3,"1":3,"2":1,"3":1,"4":1,"5":1,"6":1,"7":3},"f":{"0":1,"1":1},"b":{},"meta":{"lastBranch":0,"lastFunction":2,"lastStatement":8,"seen":{"s:3:21:12:1":0,"s:14:19:33:2":1,"f:20:4:20:14":0,"s:21:6:21:Infinity":2,"s:22:6:22:Infinity":3,"s:23:6:23:Infinity":4,"s:24:6:24:Infinity":5,"f:28:4:28:16":1,"s:29:6:29:Infinity":6,"s:35:44:35:63":7}}}
,"/Users/chiranth/Documents/Usability Testing/project/Dietify/dietify-frontend/src/store/slices/userSlice.js": {"path":"/Users/chiranth/Documents/Usability Testing/project/Dietify/dietify-frontend/src/store/slices/userSlice.js","statementMap":{"0":{"start":{"line":3,"column":21},"end":{"line":5,"column":1}},"1":{"start":{"line":7,"column":17},"end":{"line":23,"column":2}},"2":{"start":{"line":14,"column":6},"end":{"line":14,"column":null}},"3":{"start":{"line":19,"column":6},"end":{"line":19,"column":null}},"4":{"start":{"line":25,"column":52},"end":{"line":25,"column":69}}},"fnMap":{"0":{"name":"(anonymous_0)","decl":{"start":{"line":13,"column":4},"end":{"line":13,"column":18}},"loc":{"start":{"line":13,"column":34},"end":{"line":15,"column":5}},"line":13},"1":{"name":"(anonymous_1)","decl":{"start":{"line":18,"column":4},"end":{"line":18,"column":20}},"loc":{"start":{"line":18,"column":28},"end":{"line":20,"column":null}},"line":18}},"branchMap":{},"s":{"0":3,"1":3,"2":1,"3":1,"4":3},"f":{"0":1,"1":1},"b":{},"meta":{"lastBranch":0,"lastFunction":2,"lastStatement":5,"seen":{"s:3:21:5:1":0,"s:7:17:23:2":1,"f:13:4:13:18":0,"s:14:6:14:Infinity":2,"f:18:4:18:20":1,"s:19:6:19:Infinity":3,"s:25:52:25:69":4}}}
,"/Users/chiranth/Documents/Usability Testing/project/Dietify/dietify-frontend/src/styles/AboutUs.css": {"path":"/Users/chiranth/Documents/Usability Testing/project/Dietify/dietify-frontend/src/styles/AboutUs.css","statementMap":{},"fnMap":{},"branchMap":{},"s":{},"f":{},"b":{},"meta":{"lastBranch":0,"lastFunction":0,"lastStatement":0,"seen":{}}}
,"/Users/chiranth/Documents/Usability Testing/project/Dietify/dietify-frontend/src/styles/Home.css": {"path":"/Users/chiranth/Documents/Usability Testing/project/Dietify/dietify-frontend/src/styles/Home.css","statementMap":{},"fnMap":{},"branchMap":{},"s":{},"f":{},"b":{},"meta":{"lastBranch":0,"lastFunction":0,"lastStatement":0,"seen":{}}}
,"/Users/chiranth/Documents/Usability Testing/project/Dietify/dietify-frontend/src/styles/Registration.css": {"path":"/Users/chiranth/Documents/Usability Testing/project/Dietify/dietify-frontend/src/styles/Registration.css","statementMap":{},"fnMap":{},"branchMap":{},"s":{},"f":{},"b":{},"meta":{"lastBranch":0,"lastFunction":0,"lastStatement":0,"seen":{}}}
,"/Users/chiranth/Documents/Usability Testing/project/Dietify/dietify-frontend/src/styles/Result.css": {"path":"/Users/chiranth/Documents/Usability Testing/project/Dietify/dietify-frontend/src/styles/Result.css","statementMap":{},"fnMap":{},"branchMap":{},"s":{},"f":{},"b":{},"meta":{"lastBranch":0,"lastFunction":0,"lastStatement":0,"seen":{}}}
,"/Users/chiranth/Documents/Usability Testing/project/Dietify/dietify-frontend/src/styles/UserInput.css": {"path":"/Users/chiranth/Documents/Usability Testing/project/Dietify/dietify-frontend/src/styles/UserInput.css","statementMap":{},"fnMap":{},"branchMap":{},"s":{},"f":{},"b":{},"meta":{"lastBranch":0,"lastFunction":0,"lastStatement":0,"seen":{}}}
,"/Users/chiranth/Documents/Usability Testing/project/Dietify/dietify-frontend/src/utils/bmi.js": {"path":"/Users/chiranth/Documents/Usability Testing/project/Dietify/dietify-frontend/src/utils/bmi.js","statementMap":{"0":{"start":{"line":4,"column":23},"end":{"line":4,"column":45}},"1":{"start":{"line":6,"column":2},"end":{"line":8,"column":null}},"2":{"start":{"line":7,"column":4},"end":{"line":7,"column":null}},"3":{"start":{"line":10,"column":14},"end":{"line":10,"column":62}},"4":{"start":{"line":13,"column":2},"end":{"line":13,"column":null}},"5":{"start":{"line":20,"column":2},"end":{"line":22,"column":null}},"6":{"start":{"line":21,"column":4},"end":{"line":21,"column":null}},"7":{"start":{"line":24,"column":2},"end":{"line":26,"column":null}},"8":{"start":{"line":25,"column":4},"end":{"line":25,"column":null}},"9":{"start":{"line":28,"column":2},"end":{"line":30,"column":null}},"10":{"start":{"line":29,"column":4},"end":{"line":29,"column":null}},"11":{"start":{"line":32,"column":2},"end":{"line":32,"column":null}}},"fnMap":{"0":{"name":"calculateBMI","decl":{"start":{"line":3,"column":16},"end":{"line":3,"column":28}},"loc":{"start":{"line":3,"column":49},"end":{"line":14,"column":null}},"line":3},"1":{"name":"getBMICategory","decl":{"start":{"line":18,"column":16},"end":{"line":18,"column":30}},"loc":{"start":{"line":18,"column":36},"end":{"line":33,"column":null}},"line":18}},"branchMap":{"0":{"loc":{"start":{"line":6,"column":2},"end":{"line":8,"column":null}},"type":"if","locations":[{"start":{"line":6,"column":2},"end":{"line":8,"column":null}},{"start":{},"end":{}}],"line":6},"1":{"loc":{"start":{"line":6,"column":6},"end":{"line":6,"column":32}},"type":"binary-expr","locations":[{"start":{"line":6,"column":6},"end":{"line":6,"column":19}},{"start":{"line":6,"column":23},"end":{"line":6,"column":32}}],"line":6},"2":{"loc":{"start":{"line":20,"column":2},"end":{"line":22,"column":null}},"type":"if","locations":[{"start":{"line":20,"column":2},"end":{"line":22,"column":null}},{"start":{},"end":{}}],"line":20},"3":{"loc":{"start":{"line":24,"column":2},"end":{"line":26,"column":null}},"type":"if","locations":[{"start":{"line":24,"column":2},"end":{"line":26,"column":null}},{"start":{},"end":{}}],"line":24},"4":{"loc":{"start":{"line":24,"column":6},"end":{"line":24,"column":29}},"type":"binary-expr","locations":[{"start":{"line":24,"column":6},"end":{"line":24,"column":17}},{"start":{"line":24,"column":21},"end":{"line":24,"column":29}}],"line":24},"5":{"loc":{"start":{"line":28,"column":2},"end":{"line":30,"column":null}},"type":"if","locations":[{"start":{"line":28,"column":2},"end":{"line":30,"column":null}},{"start":{},"end":{}}],"line":28},"6":{"loc":{"start":{"line":28,"column":6},"end":{"line":28,"column":27}},"type":"binary-expr","locations":[{"start":{"line":28,"column":6},"end":{"line":28,"column":15}},{"start":{"line":28,"column":19},"end":{"line":28,"column":27}}],"line":28}},"s":{"0":1,"1":1,"2":0,"3":1,"4":1,"5":1,"6":0,"7":1,"8":1,"9":0,"10":0,"11":0},"f":{"0":1,"1":1},"b":{"0":[0,1],"1":[1,1],"2":[0,1],"3":[1,0],"4":[1,1],"5":[0,0],"6":[0,0]},"meta":{"lastBranch":7,"lastFunction":2,"lastStatement":12,"seen":{"f:3:16:3:28":0,"s:4:23:4:45":0,"b:6:2:8:Infinity:undefined:undefined:undefined:undefined":0,"s:6:2:8:Infinity":1,"b:6:6:6:19:6:23:6:32":1,"s:7:4:7:Infinity":2,"s:10:14:10:62":3,"s:13:2:13:Infinity":4,"f:18:16:18:30":1,"b:20:2:22:Infinity:undefined:undefined:undefined:undefined":2,"s:20:2:22:Infinity":5,"s:21:4:21:Infinity":6,"b:24:2:26:Infinity:undefined:undefined:undefined:undefined":3,"s:24:2:26:Infinity":7,"b:24:6:24:17:24:21:24:29":4,"s:25:4:25:Infinity":8,"b:28:2:30:Infinity:undefined:undefined:undefined:undefined":5,"s:28:2:30:Infinity":9,"b:28:6:28:15:28:19:28:27":6,"s:29:4:29:Infinity":10,"s:32:2:32:Infinity":11}}}
,"/Users/chiranth/Documents/Usability Testing/project/Dietify/dietify-frontend/src/utils/calories.js": {"path":"/Users/chiranth/Documents/Usability Testing/project/Dietify/dietify-frontend/src/utils/calories.js","statementMap":{"0":{"start":{"line":3,"column":21},"end":{"line":3,"column":35}},"1":{"start":{"line":4,"column":21},"end":{"line":4,"column":35}},"2":{"start":{"line":5,"column":18},"end":{"line":5,"column":29}},"3":{"start":{"line":7,"column":2},"end":{"line":9,"column":null}},"4":{"start":{"line":8,"column":4},"end":{"line":8,"column":null}},"5":{"start":{"line":12,"column":2},"end":{"line":12,"column":null}},"6":{"start":{"line":19,"column":22},"end":{"line":24,"column":3}},"7":{"start":{"line":26,"column":2},"end":{"line":26,"column":null}},"8":{"start":{"line":33,"column":14},"end":{"line":33,"column":35}},"9":{"start":{"line":36,"column":4},"end":{"line":36,"column":54}},"10":{"start":{"line":39,"column":2},"end":{"line":41,"column":null}},"11":{"start":{"line":40,"column":4},"end":{"line":40,"column":null}},"12":{"start":{"line":43,"column":2},"end":{"line":45,"column":null}},"13":{"start":{"line":44,"column":4},"end":{"line":44,"column":null}},"14":{"start":{"line":48,"column":2},"end":{"line":48,"column":null}}},"fnMap":{"0":{"name":"calculateBMR","decl":{"start":{"line":1,"column":16},"end":{"line":1,"column":28}},"loc":{"start":{"line":1,"column":62},"end":{"line":13,"column":null}},"line":1},"1":{"name":"getActivityMultiplier","decl":{"start":{"line":17,"column":16},"end":{"line":17,"column":37}},"loc":{"start":{"line":17,"column":45},"end":{"line":27,"column":null}},"line":17},"2":{"name":"calculateDailyCalories","decl":{"start":{"line":31,"column":16},"end":{"line":31,"column":38}},"loc":{"start":{"line":31,"column":48},"end":{"line":49,"column":null}},"line":31}},"branchMap":{"0":{"loc":{"start":{"line":7,"column":2},"end":{"line":9,"column":null}},"type":"if","locations":[{"start":{"line":7,"column":2},"end":{"line":9,"column":null}},{"start":{},"end":{}}],"line":7},"1":{"loc":{"start":{"line":26,"column":9},"end":{"line":26,"column":34}},"type":"binary-expr","locations":[{"start":{"line":26,"column":9},"end":{"line":26,"column":27}},{"start":{"line":26,"column":31},"end":{"line":26,"column":34}}],"line":26},"2":{"loc":{"start":{"line":39,"column":2},"end":{"line":41,"column":null}},"type":"if","locations":[{"start":{"line":39,"column":2},"end":{"line":41,"column":null}},{"start":{},"end":{}}],"line":39},"3":{"loc":{"start":{"line":43,"column":2},"end":{"line":45,"column":null}},"type":"if","locations":[{"start":{"line":43,"column":2},"end":{"line":45,"column":null}},{"start":{},"end":{}}],"line":43}},"s":{"0":1,"1":1,"2":1,"3":1,"4":1,"5":0,"6":1,"7":1,"8":1,"9":1,"10":1,"11":0,"12":1,"13":0,"14":1},"f":{"0":1,"1":1,"2":1},"b":{"0":[1,0],"1":[1,1],"2":[0,1],"3":[0,1]},"meta":{"lastBranch":4,"lastFunction":3,"lastStatement":15,"seen":{"f:1:16:1:28":0,"s:3:21:3:35":0,"s:4:21:4:35":1,"s:5:18:5:29":2,"b:7:2:9:Infinity:undefined:undefined:undefined:undefined":0,"s:7:2:9:Infinity":3,"s:8:4:8:Infinity":4,"s:12:2:12:Infinity":5,"f:17:16:17:37":1,"s:19:22:24:3":6,"s:26:2:26:Infinity":7,"b:26:9:26:27:26:31:26:34":1,"f:31:16:31:38":2,"s:33:14:33:35":8,"s:36:4:36:54":9,"b:39:2:41:Infinity:undefined:undefined:undefined:undefined":2,"s:39:2:41:Infinity":10,"s:40:4:40:Infinity":11,"b:43:2:45:Infinity:undefined:undefined:undefined:undefined":3,"s:43:2:45:Infinity":12,"s:44:4:44:Infinity":13,"s:48:2:48:Infinity":14}}}
,"/Users/chiranth/Documents/Usability Testing/project/Dietify/dietify-frontend/src/utils/macros.js": {"path":"/Users/chiranth/Documents/Usability Testing/project/Dietify/dietify-frontend/src/utils/macros.js","statementMap":{"0":{"start":{"line":3,"column":21},"end":{"line":3,"column":25}},"1":{"start":{"line":4,"column":18},"end":{"line":4,"column":22}},"2":{"start":{"line":5,"column":17},"end":{"line":5,"column":21}},"3":{"start":{"line":8,"column":2},"end":{"line":12,"column":null}},"4":{"start":{"line":9,"column":4},"end":{"line":9,"column":null}},"5":{"start":{"line":10,"column":4},"end":{"line":10,"column":null}},"6":{"start":{"line":11,"column":4},"end":{"line":11,"column":null}},"7":{"start":{"line":14,"column":2},"end":{"line":18,"column":null}},"8":{"start":{"line":15,"column":4},"end":{"line":15,"column":null}},"9":{"start":{"line":16,"column":4},"end":{"line":16,"column":null}},"10":{"start":{"line":17,"column":4},"end":{"line":17,"column":null}},"11":{"start":{"line":20,"column":2},"end":{"line":24,"column":null}}},"fnMap":{"0":{"name":"calculateMacros","decl":{"start":{"line":1,"column":16},"end":{"line":1,"column":31}},"loc":{"start":{"line":1,"column":48},"end":{"line":25,"column":null}},"line":1}},"branchMap":{"0":{"loc":{"start":{"line":8,"column":2},"end":{"line":12,"column":null}},"type":"if","locations":[{"start":{"line":8,"column":2},"end":{"line":12,"column":null}},{"start":{},"end":{}}],"line":8},"1":{"loc":{"start":{"line":14,"column":2},"end":{"line":18,"column":null}},"type":"if","locations":[{"start":{"line":14,"column":2},"end":{"line":18,"column":null}},{"start":{},"end":{}}],"line":14}},"s":{"0":1,"1":1,"2":1,"3":1,"4":0,"5":0,"6":0,"7":1,"8":0,"9":0,"10":0,"11":1},"f":{"0":1},"b":{"0":[0,1],"1":[0,1]},"meta":{"lastBranch":2,"lastFunction":1,"lastStatement":12,"seen":{"f:1:16:1:31":0,"s:3:21:3:25":0,"s:4:18:4:22":1,"s:5:17:5:21":2,"b:8:2:12:Infinity:undefined:undefined:undefined:undefined":0,"s:8:2:12:Infinity":3,"s:9:4:9:Infinity":4,"s:10:4:10:Infinity":5,"s:11:4:11:Infinity":6,"b:14:2:18:Infinity:undefined:undefined:undefined:undefined":1,"s:14:2:18:Infinity":7,"s:15:4:15:Infinity":8,"s:16:4:16:Infinity":9,"s:17:4:17:Infinity":10,"s:20:2:24:Infinity":11}}}
}
